2020-03-14 12:27:52,212 [main] INFO  ? (?:?) - using logger: com.alibaba.dubbo.common.logger.log4j.Log4jLoggerAdapter
2020-03-14 12:28:02,641 [localhost-startStop-1] INFO  com.alibaba.dubbo.config.ReferenceConfig (ReferenceConfig.java:425) -  [DUBBO] Refer dubbo service com.alibaba.dubbo.registry.RegistryService from url zookeeper://192.168.1.1118:2181/com.alibaba.dubbo.registry.RegistryService?application=dubbo-admin&dubbo=2.6.2&pid=2564&refer=application%3Ddubbo-admin%26check%3Dfalse%26dubbo%3D2.6.2%26interface%3Dcom.alibaba.dubbo.registry.RegistryService%26methods%3Dlookup%2Csubscribe%2Cunsubscribe%2Cunregister%2Cregister%26pid%3D2564%26register.ip%3D192.168.56.1%26revision%3D2.6.2%26side%3Dconsumer%26timestamp%3D1584160073470&timestamp=1584160073493, dubbo version: 2.6.2, current host: 192.168.56.1
2020-03-14 12:28:02,672 [localhost-startStop-1] INFO  com.alibaba.dubboadmin.governance.sync.RegistryServerSync (RegistryServerSync.java:78) -  [DUBBO] Init Dubbo Admin Sync Cache..., dubbo version: 2.6.2, current host: 192.168.56.1
2020-03-14 12:28:02,674 [localhost-startStop-1] INFO  com.alibaba.dubbo.registry.support.AbstractRegistry (AbstractRegistry.java:298) -  [DUBBO] Subscribe: admin://192.168.56.1?category=providers,consumers,routers,configurators&check=false&classifier=*&enabled=*&group=*&interface=*&version=*, dubbo version: 2.6.2, current host: 192.168.56.1
2020-03-14 12:28:13,752 [localhost-startStop-1] ERROR com.alibaba.dubbo.registry.support.FailbackRegistry (FailbackRegistry.java:209) -  [DUBBO] Failed to subscribe admin://192.168.56.1?category=providers,consumers,routers,configurators&check=false&classifier=*&enabled=*&group=*&interface=*&version=*, waiting for retry, cause: Failed to subscribe admin://192.168.56.1?category=providers,consumers,routers,configurators&check=false&classifier=*&enabled=*&group=*&interface=*&version=* to zookeeper zookeeper://192.168.1.1118:2181/com.alibaba.dubbo.registry.RegistryService?application=dubbo-admin&dubbo=2.6.2&interface=com.alibaba.dubbo.registry.RegistryService&pid=2564&timestamp=1584160073493, cause: KeeperErrorCode = ConnectionLoss, dubbo version: 2.6.2, current host: 192.168.56.1
com.alibaba.dubbo.rpc.RpcException: Failed to subscribe admin://192.168.56.1?category=providers,consumers,routers,configurators&check=false&classifier=*&enabled=*&group=*&interface=*&version=* to zookeeper zookeeper://192.168.1.1118:2181/com.alibaba.dubbo.registry.RegistryService?application=dubbo-admin&dubbo=2.6.2&interface=com.alibaba.dubbo.registry.RegistryService&pid=2564&timestamp=1584160073493, cause: KeeperErrorCode = ConnectionLoss
	at com.alibaba.dubbo.registry.zookeeper.ZookeeperRegistry.doSubscribe(ZookeeperRegistry.java:193)
	at com.alibaba.dubbo.registry.support.FailbackRegistry.subscribe(FailbackRegistry.java:190)
	at com.alibaba.dubbo.common.bytecode.Wrapper1.invokeMethod(Wrapper1.java)
	at com.alibaba.dubbo.rpc.proxy.javassist.JavassistProxyFactory$1.doInvoke(JavassistProxyFactory.java:47)
	at com.alibaba.dubbo.rpc.proxy.AbstractProxyInvoker.invoke(AbstractProxyInvoker.java:76)
	at com.alibaba.dubbo.rpc.proxy.InvokerInvocationHandler.invoke(InvokerInvocationHandler.java:52)
	at com.alibaba.dubbo.common.bytecode.proxy0.subscribe(proxy0.java)
	at com.alibaba.dubboadmin.governance.sync.RegistryServerSync.afterPropertiesSet(RegistryServerSync.java:79)
	at org.springframework.beans.factory.support.AbstractAutowireCapableBeanFactory.invokeInitMethods(AbstractAutowireCapableBeanFactory.java:1765)
	at org.springframework.beans.factory.support.AbstractAutowireCapableBeanFactory.initializeBean(AbstractAutowireCapableBeanFactory.java:1702)
	at org.springframework.beans.factory.support.AbstractAutowireCapableBeanFactory.doCreateBean(AbstractAutowireCapableBeanFactory.java:579)
	at org.springframework.beans.factory.support.AbstractAutowireCapableBeanFactory.createBean(AbstractAutowireCapableBeanFactory.java:501)
	at org.springframework.beans.factory.support.AbstractBeanFactory.lambda$doGetBean$0(AbstractBeanFactory.java:317)
	at org.springframework.beans.factory.support.DefaultSingletonBeanRegistry.getSingleton(DefaultSingletonBeanRegistry.java:228)
	at org.springframework.beans.factory.support.AbstractBeanFactory.doGetBean(AbstractBeanFactory.java:315)
	at org.springframework.beans.factory.support.AbstractBeanFactory.getBean(AbstractBeanFactory.java:199)
	at org.springframework.beans.factory.config.DependencyDescriptor.resolveCandidate(DependencyDescriptor.java:251)
	at org.springframework.beans.factory.support.DefaultListableBeanFactory.doResolveDependency(DefaultListableBeanFactory.java:1138)
	at org.springframework.beans.factory.support.DefaultListableBeanFactory.resolveDependency(DefaultListableBeanFactory.java:1065)
	at org.springframework.beans.factory.annotation.AutowiredAnnotationBeanPostProcessor$AutowiredFieldElement.inject(AutowiredAnnotationBeanPostProcessor.java:584)
	at org.springframework.beans.factory.annotation.InjectionMetadata.inject(InjectionMetadata.java:91)
	at org.springframework.beans.factory.annotation.AutowiredAnnotationBeanPostProcessor.postProcessPropertyValues(AutowiredAnnotationBeanPostProcessor.java:373)
	at org.springframework.beans.factory.support.AbstractAutowireCapableBeanFactory.populateBean(AbstractAutowireCapableBeanFactory.java:1348)
	at org.springframework.beans.factory.support.AbstractAutowireCapableBeanFactory.doCreateBean(AbstractAutowireCapableBeanFactory.java:578)
	at org.springframework.beans.factory.support.AbstractAutowireCapableBeanFactory.createBean(AbstractAutowireCapableBeanFactory.java:501)
	at org.springframework.beans.factory.support.AbstractBeanFactory.lambda$doGetBean$0(AbstractBeanFactory.java:317)
	at org.springframework.beans.factory.support.DefaultSingletonBeanRegistry.getSingleton(DefaultSingletonBeanRegistry.java:228)
	at org.springframework.beans.factory.support.AbstractBeanFactory.doGetBean(AbstractBeanFactory.java:315)
	at org.springframework.beans.factory.support.AbstractBeanFactory.getBean(AbstractBeanFactory.java:199)
	at org.springframework.beans.factory.config.DependencyDescriptor.resolveCandidate(DependencyDescriptor.java:251)
	at org.springframework.beans.factory.support.DefaultListableBeanFactory.doResolveDependency(DefaultListableBeanFactory.java:1138)
	at org.springframework.beans.factory.support.DefaultListableBeanFactory.resolveDependency(DefaultListableBeanFactory.java:1065)
	at org.springframework.beans.factory.annotation.AutowiredAnnotationBeanPostProcessor$AutowiredFieldElement.inject(AutowiredAnnotationBeanPostProcessor.java:584)
	at org.springframework.beans.factory.annotation.InjectionMetadata.inject(InjectionMetadata.java:91)
	at org.springframework.beans.factory.annotation.AutowiredAnnotationBeanPostProcessor.postProcessPropertyValues(AutowiredAnnotationBeanPostProcessor.java:373)
	at org.springframework.beans.factory.support.AbstractAutowireCapableBeanFactory.populateBean(AbstractAutowireCapableBeanFactory.java:1348)
	at org.springframework.beans.factory.support.AbstractAutowireCapableBeanFactory.doCreateBean(AbstractAutowireCapableBeanFactory.java:578)
	at org.springframework.beans.factory.support.AbstractAutowireCapableBeanFactory.createBean(AbstractAutowireCapableBeanFactory.java:501)
	at org.springframework.beans.factory.support.AbstractBeanFactory.lambda$doGetBean$0(AbstractBeanFactory.java:317)
	at org.springframework.beans.factory.support.DefaultSingletonBeanRegistry.getSingleton(DefaultSingletonBeanRegistry.java:228)
	at org.springframework.beans.factory.support.AbstractBeanFactory.doGetBean(AbstractBeanFactory.java:315)
	at org.springframework.beans.factory.support.AbstractBeanFactory.getBean(AbstractBeanFactory.java:204)
	at org.springframework.boot.web.servlet.ServletContextInitializerBeans.getOrderedBeansOfType(ServletContextInitializerBeans.java:225)
	at org.springframework.boot.web.servlet.ServletContextInitializerBeans.addAsRegistrationBean(ServletContextInitializerBeans.java:181)
	at org.springframework.boot.web.servlet.ServletContextInitializerBeans.addAsRegistrationBean(ServletContextInitializerBeans.java:176)
	at org.springframework.boot.web.servlet.ServletContextInitializerBeans.addAdaptableBeans(ServletContextInitializerBeans.java:158)
	at org.springframework.boot.web.servlet.ServletContextInitializerBeans.<init>(ServletContextInitializerBeans.java:80)
	at org.springframework.boot.web.servlet.context.ServletWebServerApplicationContext.getServletContextInitializerBeans(ServletWebServerApplicationContext.java:250)
	at org.springframework.boot.web.servlet.context.ServletWebServerApplicationContext.selfInitialize(ServletWebServerApplicationContext.java:237)
	at org.springframework.boot.web.embedded.tomcat.TomcatStarter.onStartup(TomcatStarter.java:54)
	at org.apache.catalina.core.StandardContext.startInternal(StandardContext.java:5245)
	at org.apache.catalina.util.LifecycleBase.start(LifecycleBase.java:150)
	at org.apache.catalina.core.ContainerBase$StartChild.call(ContainerBase.java:1421)
	at org.apache.catalina.core.ContainerBase$StartChild.call(ContainerBase.java:1411)
	at java.util.concurrent.FutureTask.run(Unknown Source)
	at java.util.concurrent.ThreadPoolExecutor.runWorker(Unknown Source)
	at java.util.concurrent.ThreadPoolExecutor$Worker.run(Unknown Source)
	at java.lang.Thread.run(Unknown Source)
Caused by: java.lang.IllegalStateException: KeeperErrorCode = ConnectionLoss
	at com.alibaba.dubbo.remoting.zookeeper.curator.CuratorZookeeperClient.createPersistent(CuratorZookeeperClient.java:79)
	at com.alibaba.dubbo.remoting.zookeeper.support.AbstractZookeeperClient.create(AbstractZookeeperClient.java:65)
	at com.alibaba.dubbo.registry.zookeeper.ZookeeperRegistry.doSubscribe(ZookeeperRegistry.java:156)
	... 57 more
Caused by: org.apache.curator.CuratorConnectionLossException: KeeperErrorCode = ConnectionLoss
	at org.apache.curator.ConnectionState.checkTimeouts(ConnectionState.java:225)
	at org.apache.curator.ConnectionState.getZooKeeper(ConnectionState.java:94)
	at org.apache.curator.CuratorZookeeperClient.getZooKeeper(CuratorZookeeperClient.java:117)
	at org.apache.curator.framework.imps.CuratorFrameworkImpl.getZooKeeper(CuratorFrameworkImpl.java:489)
	at org.apache.curator.framework.imps.CreateBuilderImpl$11.call(CreateBuilderImpl.java:740)
	at org.apache.curator.framework.imps.CreateBuilderImpl$11.call(CreateBuilderImpl.java:723)
	at org.apache.curator.RetryLoop.callWithRetry(RetryLoop.java:109)
	at org.apache.curator.framework.imps.CreateBuilderImpl.pathInForeground(CreateBuilderImpl.java:720)
	at org.apache.curator.framework.imps.CreateBuilderImpl.protectedPathInForeground(CreateBuilderImpl.java:484)
	at org.apache.curator.framework.imps.CreateBuilderImpl.forPath(CreateBuilderImpl.java:474)
	at org.apache.curator.framework.imps.CreateBuilderImpl.forPath(CreateBuilderImpl.java:454)
	at org.apache.curator.framework.imps.CreateBuilderImpl.forPath(CreateBuilderImpl.java:44)
	at com.alibaba.dubbo.remoting.zookeeper.curator.CuratorZookeeperClient.createPersistent(CuratorZookeeperClient.java:76)
	... 59 more
2020-03-14 12:28:14,829 [main] INFO  com.alibaba.dubboadmin.SpringUtil (SpringUtil.java:33) -  [DUBBO] set applicationcontext, dubbo version: 2.6.2, current host: 192.168.56.1
2020-03-14 12:28:18,572 [DubboRegistryFailedRetryTimer-thread-1] INFO  com.alibaba.dubbo.registry.support.FailbackRegistry (FailbackRegistry.java:355) -  [DUBBO] Retry subscribe {admin://192.168.56.1?category=providers,consumers,routers,configurators&check=false&classifier=*&enabled=*&group=*&interface=*&version=*=[com.alibaba.dubboadmin.governance.sync.RegistryServerSync@40cbd5ab]}, dubbo version: 2.6.2, current host: 192.168.56.1
2020-03-14 12:28:29,603 [DubboRegistryFailedRetryTimer-thread-1] WARN  com.alibaba.dubbo.registry.support.FailbackRegistry (FailbackRegistry.java:366) -  [DUBBO] Failed to retry subscribe {admin://192.168.56.1?category=providers,consumers,routers,configurators&check=false&classifier=*&enabled=*&group=*&interface=*&version=*=[com.alibaba.dubboadmin.governance.sync.RegistryServerSync@40cbd5ab]}, waiting for again, cause: Failed to subscribe admin://192.168.56.1?category=providers,consumers,routers,configurators&check=false&classifier=*&enabled=*&group=*&interface=*&version=* to zookeeper zookeeper://192.168.1.1118:2181/com.alibaba.dubbo.registry.RegistryService?application=dubbo-admin&dubbo=2.6.2&interface=com.alibaba.dubbo.registry.RegistryService&pid=2564&timestamp=1584160073493, cause: KeeperErrorCode = ConnectionLoss, dubbo version: 2.6.2, current host: 192.168.56.1
com.alibaba.dubbo.rpc.RpcException: Failed to subscribe admin://192.168.56.1?category=providers,consumers,routers,configurators&check=false&classifier=*&enabled=*&group=*&interface=*&version=* to zookeeper zookeeper://192.168.1.1118:2181/com.alibaba.dubbo.registry.RegistryService?application=dubbo-admin&dubbo=2.6.2&interface=com.alibaba.dubbo.registry.RegistryService&pid=2564&timestamp=1584160073493, cause: KeeperErrorCode = ConnectionLoss
	at com.alibaba.dubbo.registry.zookeeper.ZookeeperRegistry.doSubscribe(ZookeeperRegistry.java:193)
	at com.alibaba.dubbo.registry.support.FailbackRegistry.retry(FailbackRegistry.java:363)
	at com.alibaba.dubbo.registry.support.FailbackRegistry$1.run(FailbackRegistry.java:68)
	at java.util.concurrent.Executors$RunnableAdapter.call(Unknown Source)
	at java.util.concurrent.FutureTask.runAndReset(Unknown Source)
	at java.util.concurrent.ScheduledThreadPoolExecutor$ScheduledFutureTask.access$301(Unknown Source)
	at java.util.concurrent.ScheduledThreadPoolExecutor$ScheduledFutureTask.run(Unknown Source)
	at java.util.concurrent.ThreadPoolExecutor.runWorker(Unknown Source)
	at java.util.concurrent.ThreadPoolExecutor$Worker.run(Unknown Source)
	at java.lang.Thread.run(Unknown Source)
Caused by: java.lang.IllegalStateException: KeeperErrorCode = ConnectionLoss
	at com.alibaba.dubbo.remoting.zookeeper.curator.CuratorZookeeperClient.createPersistent(CuratorZookeeperClient.java:79)
	at com.alibaba.dubbo.remoting.zookeeper.support.AbstractZookeeperClient.create(AbstractZookeeperClient.java:65)
	at com.alibaba.dubbo.registry.zookeeper.ZookeeperRegistry.doSubscribe(ZookeeperRegistry.java:156)
	... 9 more
Caused by: org.apache.curator.CuratorConnectionLossException: KeeperErrorCode = ConnectionLoss
	at org.apache.curator.ConnectionState.checkTimeouts(ConnectionState.java:225)
	at org.apache.curator.ConnectionState.getZooKeeper(ConnectionState.java:94)
	at org.apache.curator.CuratorZookeeperClient.getZooKeeper(CuratorZookeeperClient.java:117)
	at org.apache.curator.framework.imps.CuratorFrameworkImpl.getZooKeeper(CuratorFrameworkImpl.java:489)
	at org.apache.curator.framework.imps.CreateBuilderImpl$11.call(CreateBuilderImpl.java:740)
	at org.apache.curator.framework.imps.CreateBuilderImpl$11.call(CreateBuilderImpl.java:723)
	at org.apache.curator.RetryLoop.callWithRetry(RetryLoop.java:109)
	at org.apache.curator.framework.imps.CreateBuilderImpl.pathInForeground(CreateBuilderImpl.java:720)
	at org.apache.curator.framework.imps.CreateBuilderImpl.protectedPathInForeground(CreateBuilderImpl.java:484)
	at org.apache.curator.framework.imps.CreateBuilderImpl.forPath(CreateBuilderImpl.java:474)
	at org.apache.curator.framework.imps.CreateBuilderImpl.forPath(CreateBuilderImpl.java:454)
	at org.apache.curator.framework.imps.CreateBuilderImpl.forPath(CreateBuilderImpl.java:44)
	at com.alibaba.dubbo.remoting.zookeeper.curator.CuratorZookeeperClient.createPersistent(CuratorZookeeperClient.java:76)
	... 11 more
2020-03-14 12:28:34,607 [DubboRegistryFailedRetryTimer-thread-1] INFO  com.alibaba.dubbo.registry.support.FailbackRegistry (FailbackRegistry.java:355) -  [DUBBO] Retry subscribe {admin://192.168.56.1?category=providers,consumers,routers,configurators&check=false&classifier=*&enabled=*&group=*&interface=*&version=*=[com.alibaba.dubboadmin.governance.sync.RegistryServerSync@40cbd5ab]}, dubbo version: 2.6.2, current host: 192.168.56.1
2020-03-14 12:28:45,623 [DubboRegistryFailedRetryTimer-thread-1] WARN  com.alibaba.dubbo.registry.support.FailbackRegistry (FailbackRegistry.java:366) -  [DUBBO] Failed to retry subscribe {admin://192.168.56.1?category=providers,consumers,routers,configurators&check=false&classifier=*&enabled=*&group=*&interface=*&version=*=[com.alibaba.dubboadmin.governance.sync.RegistryServerSync@40cbd5ab]}, waiting for again, cause: Failed to subscribe admin://192.168.56.1?category=providers,consumers,routers,configurators&check=false&classifier=*&enabled=*&group=*&interface=*&version=* to zookeeper zookeeper://192.168.1.1118:2181/com.alibaba.dubbo.registry.RegistryService?application=dubbo-admin&dubbo=2.6.2&interface=com.alibaba.dubbo.registry.RegistryService&pid=2564&timestamp=1584160073493, cause: KeeperErrorCode = ConnectionLoss, dubbo version: 2.6.2, current host: 192.168.56.1
com.alibaba.dubbo.rpc.RpcException: Failed to subscribe admin://192.168.56.1?category=providers,consumers,routers,configurators&check=false&classifier=*&enabled=*&group=*&interface=*&version=* to zookeeper zookeeper://192.168.1.1118:2181/com.alibaba.dubbo.registry.RegistryService?application=dubbo-admin&dubbo=2.6.2&interface=com.alibaba.dubbo.registry.RegistryService&pid=2564&timestamp=1584160073493, cause: KeeperErrorCode = ConnectionLoss
	at com.alibaba.dubbo.registry.zookeeper.ZookeeperRegistry.doSubscribe(ZookeeperRegistry.java:193)
	at com.alibaba.dubbo.registry.support.FailbackRegistry.retry(FailbackRegistry.java:363)
	at com.alibaba.dubbo.registry.support.FailbackRegistry$1.run(FailbackRegistry.java:68)
	at java.util.concurrent.Executors$RunnableAdapter.call(Unknown Source)
	at java.util.concurrent.FutureTask.runAndReset(Unknown Source)
	at java.util.concurrent.ScheduledThreadPoolExecutor$ScheduledFutureTask.access$301(Unknown Source)
	at java.util.concurrent.ScheduledThreadPoolExecutor$ScheduledFutureTask.run(Unknown Source)
	at java.util.concurrent.ThreadPoolExecutor.runWorker(Unknown Source)
	at java.util.concurrent.ThreadPoolExecutor$Worker.run(Unknown Source)
	at java.lang.Thread.run(Unknown Source)
Caused by: java.lang.IllegalStateException: KeeperErrorCode = ConnectionLoss
	at com.alibaba.dubbo.remoting.zookeeper.curator.CuratorZookeeperClient.createPersistent(CuratorZookeeperClient.java:79)
	at com.alibaba.dubbo.remoting.zookeeper.support.AbstractZookeeperClient.create(AbstractZookeeperClient.java:65)
	at com.alibaba.dubbo.registry.zookeeper.ZookeeperRegistry.doSubscribe(ZookeeperRegistry.java:156)
	... 9 more
Caused by: org.apache.curator.CuratorConnectionLossException: KeeperErrorCode = ConnectionLoss
	at org.apache.curator.ConnectionState.checkTimeouts(ConnectionState.java:225)
	at org.apache.curator.ConnectionState.getZooKeeper(ConnectionState.java:94)
	at org.apache.curator.CuratorZookeeperClient.getZooKeeper(CuratorZookeeperClient.java:117)
	at org.apache.curator.framework.imps.CuratorFrameworkImpl.getZooKeeper(CuratorFrameworkImpl.java:489)
	at org.apache.curator.framework.imps.CreateBuilderImpl$11.call(CreateBuilderImpl.java:740)
	at org.apache.curator.framework.imps.CreateBuilderImpl$11.call(CreateBuilderImpl.java:723)
	at org.apache.curator.RetryLoop.callWithRetry(RetryLoop.java:109)
	at org.apache.curator.framework.imps.CreateBuilderImpl.pathInForeground(CreateBuilderImpl.java:720)
	at org.apache.curator.framework.imps.CreateBuilderImpl.protectedPathInForeground(CreateBuilderImpl.java:484)
	at org.apache.curator.framework.imps.CreateBuilderImpl.forPath(CreateBuilderImpl.java:474)
	at org.apache.curator.framework.imps.CreateBuilderImpl.forPath(CreateBuilderImpl.java:454)
	at org.apache.curator.framework.imps.CreateBuilderImpl.forPath(CreateBuilderImpl.java:44)
	at com.alibaba.dubbo.remoting.zookeeper.curator.CuratorZookeeperClient.createPersistent(CuratorZookeeperClient.java:76)
	... 11 more
2020-03-14 12:28:50,625 [DubboRegistryFailedRetryTimer-thread-1] INFO  com.alibaba.dubbo.registry.support.FailbackRegistry (FailbackRegistry.java:355) -  [DUBBO] Retry subscribe {admin://192.168.56.1?category=providers,consumers,routers,configurators&check=false&classifier=*&enabled=*&group=*&interface=*&version=*=[com.alibaba.dubboadmin.governance.sync.RegistryServerSync@40cbd5ab]}, dubbo version: 2.6.2, current host: 192.168.56.1
2020-03-14 12:28:55,643 [DubboRegistryFailedRetryTimer-thread-1] WARN  com.alibaba.dubbo.registry.support.FailbackRegistry (FailbackRegistry.java:366) -  [DUBBO] Failed to retry subscribe {admin://192.168.56.1?category=providers,consumers,routers,configurators&check=false&classifier=*&enabled=*&group=*&interface=*&version=*=[com.alibaba.dubboadmin.governance.sync.RegistryServerSync@40cbd5ab]}, waiting for again, cause: Failed to subscribe admin://192.168.56.1?category=providers,consumers,routers,configurators&check=false&classifier=*&enabled=*&group=*&interface=*&version=* to zookeeper zookeeper://192.168.1.1118:2181/com.alibaba.dubbo.registry.RegistryService?application=dubbo-admin&dubbo=2.6.2&interface=com.alibaba.dubbo.registry.RegistryService&pid=2564&timestamp=1584160073493, cause: 192.168.1.1118, dubbo version: 2.6.2, current host: 192.168.56.1
com.alibaba.dubbo.rpc.RpcException: Failed to subscribe admin://192.168.56.1?category=providers,consumers,routers,configurators&check=false&classifier=*&enabled=*&group=*&interface=*&version=* to zookeeper zookeeper://192.168.1.1118:2181/com.alibaba.dubbo.registry.RegistryService?application=dubbo-admin&dubbo=2.6.2&interface=com.alibaba.dubbo.registry.RegistryService&pid=2564&timestamp=1584160073493, cause: 192.168.1.1118
	at com.alibaba.dubbo.registry.zookeeper.ZookeeperRegistry.doSubscribe(ZookeeperRegistry.java:193)
	at com.alibaba.dubbo.registry.support.FailbackRegistry.retry(FailbackRegistry.java:363)
	at com.alibaba.dubbo.registry.support.FailbackRegistry$1.run(FailbackRegistry.java:68)
	at java.util.concurrent.Executors$RunnableAdapter.call(Unknown Source)
	at java.util.concurrent.FutureTask.runAndReset(Unknown Source)
	at java.util.concurrent.ScheduledThreadPoolExecutor$ScheduledFutureTask.access$301(Unknown Source)
	at java.util.concurrent.ScheduledThreadPoolExecutor$ScheduledFutureTask.run(Unknown Source)
	at java.util.concurrent.ThreadPoolExecutor.runWorker(Unknown Source)
	at java.util.concurrent.ThreadPoolExecutor$Worker.run(Unknown Source)
	at java.lang.Thread.run(Unknown Source)
Caused by: java.lang.IllegalStateException: 192.168.1.1118
	at com.alibaba.dubbo.remoting.zookeeper.curator.CuratorZookeeperClient.createPersistent(CuratorZookeeperClient.java:79)
	at com.alibaba.dubbo.remoting.zookeeper.support.AbstractZookeeperClient.create(AbstractZookeeperClient.java:65)
	at com.alibaba.dubbo.registry.zookeeper.ZookeeperRegistry.doSubscribe(ZookeeperRegistry.java:156)
	... 9 more
Caused by: java.net.UnknownHostException: 192.168.1.1118
	at java.net.InetAddress.getAllByName0(Unknown Source)
	at java.net.InetAddress.getAllByName(Unknown Source)
	at java.net.InetAddress.getAllByName(Unknown Source)
	at org.apache.zookeeper.client.StaticHostProvider.<init>(StaticHostProvider.java:61)
	at org.apache.zookeeper.ZooKeeper.<init>(ZooKeeper.java:446)
	at org.apache.curator.utils.DefaultZookeeperFactory.newZooKeeper(DefaultZookeeperFactory.java:29)
	at org.apache.curator.framework.imps.CuratorFrameworkImpl$2.newZooKeeper(CuratorFrameworkImpl.java:150)
	at org.apache.curator.HandleHolder$1.getZooKeeper(HandleHolder.java:94)
	at org.apache.curator.HandleHolder.internalClose(HandleHolder.java:128)
	at org.apache.curator.HandleHolder.closeAndReset(HandleHolder.java:77)
	at org.apache.curator.ConnectionState.reset(ConnectionState.java:261)
	at org.apache.curator.ConnectionState.checkTimeouts(ConnectionState.java:221)
	at org.apache.curator.ConnectionState.getZooKeeper(ConnectionState.java:94)
	at org.apache.curator.CuratorZookeeperClient.getZooKeeper(CuratorZookeeperClient.java:117)
	at org.apache.curator.framework.imps.CuratorFrameworkImpl.getZooKeeper(CuratorFrameworkImpl.java:489)
	at org.apache.curator.framework.imps.CreateBuilderImpl$11.call(CreateBuilderImpl.java:740)
	at org.apache.curator.framework.imps.CreateBuilderImpl$11.call(CreateBuilderImpl.java:723)
	at org.apache.curator.RetryLoop.callWithRetry(RetryLoop.java:109)
	at org.apache.curator.framework.imps.CreateBuilderImpl.pathInForeground(CreateBuilderImpl.java:720)
	at org.apache.curator.framework.imps.CreateBuilderImpl.protectedPathInForeground(CreateBuilderImpl.java:484)
	at org.apache.curator.framework.imps.CreateBuilderImpl.forPath(CreateBuilderImpl.java:474)
	at org.apache.curator.framework.imps.CreateBuilderImpl.forPath(CreateBuilderImpl.java:454)
	at org.apache.curator.framework.imps.CreateBuilderImpl.forPath(CreateBuilderImpl.java:44)
	at com.alibaba.dubbo.remoting.zookeeper.curator.CuratorZookeeperClient.createPersistent(CuratorZookeeperClient.java:76)
	... 11 more
2020-03-14 12:29:00,645 [DubboRegistryFailedRetryTimer-thread-1] INFO  com.alibaba.dubbo.registry.support.FailbackRegistry (FailbackRegistry.java:355) -  [DUBBO] Retry subscribe {admin://192.168.56.1?category=providers,consumers,routers,configurators&check=false&classifier=*&enabled=*&group=*&interface=*&version=*=[com.alibaba.dubboadmin.governance.sync.RegistryServerSync@40cbd5ab]}, dubbo version: 2.6.2, current host: 192.168.56.1
2020-03-14 12:29:11,715 [DubboRegistryFailedRetryTimer-thread-1] WARN  com.alibaba.dubbo.registry.support.FailbackRegistry (FailbackRegistry.java:366) -  [DUBBO] Failed to retry subscribe {admin://192.168.56.1?category=providers,consumers,routers,configurators&check=false&classifier=*&enabled=*&group=*&interface=*&version=*=[com.alibaba.dubboadmin.governance.sync.RegistryServerSync@40cbd5ab]}, waiting for again, cause: Failed to subscribe admin://192.168.56.1?category=providers,consumers,routers,configurators&check=false&classifier=*&enabled=*&group=*&interface=*&version=* to zookeeper zookeeper://192.168.1.1118:2181/com.alibaba.dubbo.registry.RegistryService?application=dubbo-admin&dubbo=2.6.2&interface=com.alibaba.dubbo.registry.RegistryService&pid=2564&timestamp=1584160073493, cause: KeeperErrorCode = ConnectionLoss, dubbo version: 2.6.2, current host: 192.168.56.1
com.alibaba.dubbo.rpc.RpcException: Failed to subscribe admin://192.168.56.1?category=providers,consumers,routers,configurators&check=false&classifier=*&enabled=*&group=*&interface=*&version=* to zookeeper zookeeper://192.168.1.1118:2181/com.alibaba.dubbo.registry.RegistryService?application=dubbo-admin&dubbo=2.6.2&interface=com.alibaba.dubbo.registry.RegistryService&pid=2564&timestamp=1584160073493, cause: KeeperErrorCode = ConnectionLoss
	at com.alibaba.dubbo.registry.zookeeper.ZookeeperRegistry.doSubscribe(ZookeeperRegistry.java:193)
	at com.alibaba.dubbo.registry.support.FailbackRegistry.retry(FailbackRegistry.java:363)
	at com.alibaba.dubbo.registry.support.FailbackRegistry$1.run(FailbackRegistry.java:68)
	at java.util.concurrent.Executors$RunnableAdapter.call(Unknown Source)
	at java.util.concurrent.FutureTask.runAndReset(Unknown Source)
	at java.util.concurrent.ScheduledThreadPoolExecutor$ScheduledFutureTask.access$301(Unknown Source)
	at java.util.concurrent.ScheduledThreadPoolExecutor$ScheduledFutureTask.run(Unknown Source)
	at java.util.concurrent.ThreadPoolExecutor.runWorker(Unknown Source)
	at java.util.concurrent.ThreadPoolExecutor$Worker.run(Unknown Source)
	at java.lang.Thread.run(Unknown Source)
Caused by: java.lang.IllegalStateException: KeeperErrorCode = ConnectionLoss
	at com.alibaba.dubbo.remoting.zookeeper.curator.CuratorZookeeperClient.createPersistent(CuratorZookeeperClient.java:79)
	at com.alibaba.dubbo.remoting.zookeeper.support.AbstractZookeeperClient.create(AbstractZookeeperClient.java:65)
	at com.alibaba.dubbo.registry.zookeeper.ZookeeperRegistry.doSubscribe(ZookeeperRegistry.java:156)
	... 9 more
Caused by: org.apache.curator.CuratorConnectionLossException: KeeperErrorCode = ConnectionLoss
	at org.apache.curator.ConnectionState.checkTimeouts(ConnectionState.java:225)
	at org.apache.curator.ConnectionState.getZooKeeper(ConnectionState.java:94)
	at org.apache.curator.CuratorZookeeperClient.getZooKeeper(CuratorZookeeperClient.java:117)
	at org.apache.curator.framework.imps.CuratorFrameworkImpl.getZooKeeper(CuratorFrameworkImpl.java:489)
	at org.apache.curator.framework.imps.CreateBuilderImpl$11.call(CreateBuilderImpl.java:740)
	at org.apache.curator.framework.imps.CreateBuilderImpl$11.call(CreateBuilderImpl.java:723)
	at org.apache.curator.RetryLoop.callWithRetry(RetryLoop.java:109)
	at org.apache.curator.framework.imps.CreateBuilderImpl.pathInForeground(CreateBuilderImpl.java:720)
	at org.apache.curator.framework.imps.CreateBuilderImpl.protectedPathInForeground(CreateBuilderImpl.java:484)
	at org.apache.curator.framework.imps.CreateBuilderImpl.forPath(CreateBuilderImpl.java:474)
	at org.apache.curator.framework.imps.CreateBuilderImpl.forPath(CreateBuilderImpl.java:454)
	at org.apache.curator.framework.imps.CreateBuilderImpl.forPath(CreateBuilderImpl.java:44)
	at com.alibaba.dubbo.remoting.zookeeper.curator.CuratorZookeeperClient.createPersistent(CuratorZookeeperClient.java:76)
	... 11 more
2020-03-14 12:29:16,721 [DubboRegistryFailedRetryTimer-thread-1] INFO  com.alibaba.dubbo.registry.support.FailbackRegistry (FailbackRegistry.java:355) -  [DUBBO] Retry subscribe {admin://192.168.56.1?category=providers,consumers,routers,configurators&check=false&classifier=*&enabled=*&group=*&interface=*&version=*=[com.alibaba.dubboadmin.governance.sync.RegistryServerSync@40cbd5ab]}, dubbo version: 2.6.2, current host: 192.168.56.1
2020-03-14 12:29:27,741 [DubboRegistryFailedRetryTimer-thread-1] WARN  com.alibaba.dubbo.registry.support.FailbackRegistry (FailbackRegistry.java:366) -  [DUBBO] Failed to retry subscribe {admin://192.168.56.1?category=providers,consumers,routers,configurators&check=false&classifier=*&enabled=*&group=*&interface=*&version=*=[com.alibaba.dubboadmin.governance.sync.RegistryServerSync@40cbd5ab]}, waiting for again, cause: Failed to subscribe admin://192.168.56.1?category=providers,consumers,routers,configurators&check=false&classifier=*&enabled=*&group=*&interface=*&version=* to zookeeper zookeeper://192.168.1.1118:2181/com.alibaba.dubbo.registry.RegistryService?application=dubbo-admin&dubbo=2.6.2&interface=com.alibaba.dubbo.registry.RegistryService&pid=2564&timestamp=1584160073493, cause: KeeperErrorCode = ConnectionLoss, dubbo version: 2.6.2, current host: 192.168.56.1
com.alibaba.dubbo.rpc.RpcException: Failed to subscribe admin://192.168.56.1?category=providers,consumers,routers,configurators&check=false&classifier=*&enabled=*&group=*&interface=*&version=* to zookeeper zookeeper://192.168.1.1118:2181/com.alibaba.dubbo.registry.RegistryService?application=dubbo-admin&dubbo=2.6.2&interface=com.alibaba.dubbo.registry.RegistryService&pid=2564&timestamp=1584160073493, cause: KeeperErrorCode = ConnectionLoss
	at com.alibaba.dubbo.registry.zookeeper.ZookeeperRegistry.doSubscribe(ZookeeperRegistry.java:193)
	at com.alibaba.dubbo.registry.support.FailbackRegistry.retry(FailbackRegistry.java:363)
	at com.alibaba.dubbo.registry.support.FailbackRegistry$1.run(FailbackRegistry.java:68)
	at java.util.concurrent.Executors$RunnableAdapter.call(Unknown Source)
	at java.util.concurrent.FutureTask.runAndReset(Unknown Source)
	at java.util.concurrent.ScheduledThreadPoolExecutor$ScheduledFutureTask.access$301(Unknown Source)
	at java.util.concurrent.ScheduledThreadPoolExecutor$ScheduledFutureTask.run(Unknown Source)
	at java.util.concurrent.ThreadPoolExecutor.runWorker(Unknown Source)
	at java.util.concurrent.ThreadPoolExecutor$Worker.run(Unknown Source)
	at java.lang.Thread.run(Unknown Source)
Caused by: java.lang.IllegalStateException: KeeperErrorCode = ConnectionLoss
	at com.alibaba.dubbo.remoting.zookeeper.curator.CuratorZookeeperClient.createPersistent(CuratorZookeeperClient.java:79)
	at com.alibaba.dubbo.remoting.zookeeper.support.AbstractZookeeperClient.create(AbstractZookeeperClient.java:65)
	at com.alibaba.dubbo.registry.zookeeper.ZookeeperRegistry.doSubscribe(ZookeeperRegistry.java:156)
	... 9 more
Caused by: org.apache.curator.CuratorConnectionLossException: KeeperErrorCode = ConnectionLoss
	at org.apache.curator.ConnectionState.checkTimeouts(ConnectionState.java:225)
	at org.apache.curator.ConnectionState.getZooKeeper(ConnectionState.java:94)
	at org.apache.curator.CuratorZookeeperClient.getZooKeeper(CuratorZookeeperClient.java:117)
	at org.apache.curator.framework.imps.CuratorFrameworkImpl.getZooKeeper(CuratorFrameworkImpl.java:489)
	at org.apache.curator.framework.imps.CreateBuilderImpl$11.call(CreateBuilderImpl.java:740)
	at org.apache.curator.framework.imps.CreateBuilderImpl$11.call(CreateBuilderImpl.java:723)
	at org.apache.curator.RetryLoop.callWithRetry(RetryLoop.java:109)
	at org.apache.curator.framework.imps.CreateBuilderImpl.pathInForeground(CreateBuilderImpl.java:720)
	at org.apache.curator.framework.imps.CreateBuilderImpl.protectedPathInForeground(CreateBuilderImpl.java:484)
	at org.apache.curator.framework.imps.CreateBuilderImpl.forPath(CreateBuilderImpl.java:474)
	at org.apache.curator.framework.imps.CreateBuilderImpl.forPath(CreateBuilderImpl.java:454)
	at org.apache.curator.framework.imps.CreateBuilderImpl.forPath(CreateBuilderImpl.java:44)
	at com.alibaba.dubbo.remoting.zookeeper.curator.CuratorZookeeperClient.createPersistent(CuratorZookeeperClient.java:76)
	... 11 more
2020-03-14 12:29:32,747 [DubboRegistryFailedRetryTimer-thread-1] INFO  com.alibaba.dubbo.registry.support.FailbackRegistry (FailbackRegistry.java:355) -  [DUBBO] Retry subscribe {admin://192.168.56.1?category=providers,consumers,routers,configurators&check=false&classifier=*&enabled=*&group=*&interface=*&version=*=[com.alibaba.dubboadmin.governance.sync.RegistryServerSync@40cbd5ab]}, dubbo version: 2.6.2, current host: 192.168.56.1
2020-03-14 12:29:32,780 [DubboShutdownHook] INFO  com.alibaba.dubbo.config.AbstractConfig$1 (AbstractConfig.java:81) -  [DUBBO] Run shutdown hook now., dubbo version: 2.6.2, current host: 192.168.56.1
2020-03-14 12:29:32,787 [DubboShutdownHook] INFO  com.alibaba.dubbo.registry.support.AbstractRegistryFactory (AbstractRegistryFactory.java:64) -  [DUBBO] Close all registries [zookeeper://192.168.1.1118:2181/com.alibaba.dubbo.registry.RegistryService?application=dubbo-admin&dubbo=2.6.2&interface=com.alibaba.dubbo.registry.RegistryService&pid=2564&timestamp=1584160073493], dubbo version: 2.6.2, current host: 192.168.56.1
2020-03-14 12:29:32,788 [DubboShutdownHook] INFO  com.alibaba.dubbo.registry.support.AbstractRegistry (AbstractRegistry.java:451) -  [DUBBO] Destroy registry:zookeeper://192.168.1.1118:2181/com.alibaba.dubbo.registry.RegistryService?application=dubbo-admin&dubbo=2.6.2&interface=com.alibaba.dubbo.registry.RegistryService&pid=2564&timestamp=1584160073493, dubbo version: 2.6.2, current host: 192.168.56.1
2020-03-14 12:29:32,790 [DubboShutdownHook] INFO  com.alibaba.dubbo.registry.support.AbstractRegistry (AbstractRegistry.java:317) -  [DUBBO] Unsubscribe: admin://192.168.56.1?category=providers,consumers,routers,configurators&check=false&classifier=*&enabled=*&group=*&interface=*&version=*, dubbo version: 2.6.2, current host: 192.168.56.1
2020-03-14 12:29:32,791 [DubboShutdownHook] INFO  com.alibaba.dubbo.registry.support.AbstractRegistry (AbstractRegistry.java:476) -  [DUBBO] Destroy unsubscribe url admin://192.168.56.1?category=providers,consumers,routers,configurators&check=false&classifier=*&enabled=*&group=*&interface=*&version=*, dubbo version: 2.6.2, current host: 192.168.56.1
2020-03-14 12:29:32,793 [DubboRegistryFailedRetryTimer-thread-1] WARN  com.alibaba.dubbo.registry.support.FailbackRegistry (FailbackRegistry.java:366) -  [DUBBO] Failed to retry subscribe {admin://192.168.56.1?category=providers,consumers,routers,configurators&check=false&classifier=*&enabled=*&group=*&interface=*&version=*=[]}, waiting for again, cause: Failed to subscribe admin://192.168.56.1?category=providers,consumers,routers,configurators&check=false&classifier=*&enabled=*&group=*&interface=*&version=* to zookeeper zookeeper://192.168.1.1118:2181/com.alibaba.dubbo.registry.RegistryService?application=dubbo-admin&dubbo=2.6.2&interface=com.alibaba.dubbo.registry.RegistryService&pid=2564&timestamp=1584160073493, cause: null, dubbo version: 2.6.2, current host: 192.168.56.1
com.alibaba.dubbo.rpc.RpcException: Failed to subscribe admin://192.168.56.1?category=providers,consumers,routers,configurators&check=false&classifier=*&enabled=*&group=*&interface=*&version=* to zookeeper zookeeper://192.168.1.1118:2181/com.alibaba.dubbo.registry.RegistryService?application=dubbo-admin&dubbo=2.6.2&interface=com.alibaba.dubbo.registry.RegistryService&pid=2564&timestamp=1584160073493, cause: null
	at com.alibaba.dubbo.registry.zookeeper.ZookeeperRegistry.doSubscribe(ZookeeperRegistry.java:193)
	at com.alibaba.dubbo.registry.support.FailbackRegistry.retry(FailbackRegistry.java:363)
	at com.alibaba.dubbo.registry.support.FailbackRegistry$1.run(FailbackRegistry.java:68)
	at java.util.concurrent.Executors$RunnableAdapter.call(Unknown Source)
	at java.util.concurrent.FutureTask.runAndReset(Unknown Source)
	at java.util.concurrent.ScheduledThreadPoolExecutor$ScheduledFutureTask.access$301(Unknown Source)
	at java.util.concurrent.ScheduledThreadPoolExecutor$ScheduledFutureTask.run(Unknown Source)
	at java.util.concurrent.ThreadPoolExecutor.runWorker(Unknown Source)
	at java.util.concurrent.ThreadPoolExecutor$Worker.run(Unknown Source)
	at java.lang.Thread.run(Unknown Source)
Caused by: java.lang.IllegalStateException
	at com.alibaba.dubbo.remoting.zookeeper.curator.CuratorZookeeperClient.createPersistent(CuratorZookeeperClient.java:79)
	at com.alibaba.dubbo.remoting.zookeeper.support.AbstractZookeeperClient.create(AbstractZookeeperClient.java:65)
	at com.alibaba.dubbo.registry.zookeeper.ZookeeperRegistry.doSubscribe(ZookeeperRegistry.java:156)
	... 9 more
Caused by: java.lang.InterruptedException
	at java.util.concurrent.locks.AbstractQueuedSynchronizer.doAcquireSharedNanos(Unknown Source)
	at java.util.concurrent.locks.AbstractQueuedSynchronizer.tryAcquireSharedNanos(Unknown Source)
	at java.util.concurrent.CountDownLatch.await(Unknown Source)
	at org.apache.curator.CuratorZookeeperClient.internalBlockUntilConnectedOrTimedOut(CuratorZookeeperClient.java:336)
	at org.apache.curator.RetryLoop.callWithRetry(RetryLoop.java:107)
	at org.apache.curator.framework.imps.CreateBuilderImpl.pathInForeground(CreateBuilderImpl.java:720)
	at org.apache.curator.framework.imps.CreateBuilderImpl.protectedPathInForeground(CreateBuilderImpl.java:484)
	at org.apache.curator.framework.imps.CreateBuilderImpl.forPath(CreateBuilderImpl.java:474)
	at org.apache.curator.framework.imps.CreateBuilderImpl.forPath(CreateBuilderImpl.java:454)
	at org.apache.curator.framework.imps.CreateBuilderImpl.forPath(CreateBuilderImpl.java:44)
	at com.alibaba.dubbo.remoting.zookeeper.curator.CuratorZookeeperClient.createPersistent(CuratorZookeeperClient.java:76)
	... 11 more
2020-03-14 12:29:32,799 [Thread-4] INFO  com.alibaba.dubbo.registry.support.AbstractRegistry (AbstractRegistry.java:317) -  [DUBBO] Unsubscribe: admin://192.168.56.1?category=providers,consumers,routers,configurators&check=false&classifier=*&enabled=*&group=*&interface=*&version=*, dubbo version: 2.6.2, current host: 192.168.56.1
2020-03-14 12:29:36,532 [main] INFO  ? (?:?) - using logger: com.alibaba.dubbo.common.logger.log4j.Log4jLoggerAdapter
2020-03-14 12:29:47,004 [localhost-startStop-1] INFO  com.alibaba.dubbo.config.ReferenceConfig (ReferenceConfig.java:425) -  [DUBBO] Refer dubbo service com.alibaba.dubbo.registry.RegistryService from url zookeeper://192.168.1.1118:2181/com.alibaba.dubbo.registry.RegistryService?application=dubbo-admin&dubbo=2.6.2&pid=2460&refer=application%3Ddubbo-admin%26check%3Dfalse%26dubbo%3D2.6.2%26interface%3Dcom.alibaba.dubbo.registry.RegistryService%26methods%3Dlookup%2Cunsubscribe%2Csubscribe%2Cunregister%2Cregister%26pid%3D2460%26register.ip%3D192.168.56.1%26revision%3D2.6.2%26side%3Dconsumer%26timestamp%3D1584160177779&timestamp=1584160177802, dubbo version: 2.6.2, current host: 192.168.56.1
2020-03-14 12:29:47,020 [localhost-startStop-1] INFO  com.alibaba.dubboadmin.governance.sync.RegistryServerSync (RegistryServerSync.java:78) -  [DUBBO] Init Dubbo Admin Sync Cache..., dubbo version: 2.6.2, current host: 192.168.56.1
2020-03-14 12:29:47,022 [localhost-startStop-1] INFO  com.alibaba.dubbo.registry.support.AbstractRegistry (AbstractRegistry.java:298) -  [DUBBO] Subscribe: admin://192.168.56.1?category=providers,consumers,routers,configurators&check=false&classifier=*&enabled=*&group=*&interface=*&version=*, dubbo version: 2.6.2, current host: 192.168.56.1
2020-03-14 12:29:58,093 [localhost-startStop-1] ERROR com.alibaba.dubbo.registry.support.FailbackRegistry (FailbackRegistry.java:209) -  [DUBBO] Failed to subscribe admin://192.168.56.1?category=providers,consumers,routers,configurators&check=false&classifier=*&enabled=*&group=*&interface=*&version=*, waiting for retry, cause: Failed to subscribe admin://192.168.56.1?category=providers,consumers,routers,configurators&check=false&classifier=*&enabled=*&group=*&interface=*&version=* to zookeeper zookeeper://192.168.1.1118:2181/com.alibaba.dubbo.registry.RegistryService?application=dubbo-admin&dubbo=2.6.2&interface=com.alibaba.dubbo.registry.RegistryService&pid=2460&timestamp=1584160177802, cause: KeeperErrorCode = ConnectionLoss, dubbo version: 2.6.2, current host: 192.168.56.1
com.alibaba.dubbo.rpc.RpcException: Failed to subscribe admin://192.168.56.1?category=providers,consumers,routers,configurators&check=false&classifier=*&enabled=*&group=*&interface=*&version=* to zookeeper zookeeper://192.168.1.1118:2181/com.alibaba.dubbo.registry.RegistryService?application=dubbo-admin&dubbo=2.6.2&interface=com.alibaba.dubbo.registry.RegistryService&pid=2460&timestamp=1584160177802, cause: KeeperErrorCode = ConnectionLoss
	at com.alibaba.dubbo.registry.zookeeper.ZookeeperRegistry.doSubscribe(ZookeeperRegistry.java:193)
	at com.alibaba.dubbo.registry.support.FailbackRegistry.subscribe(FailbackRegistry.java:190)
	at com.alibaba.dubbo.common.bytecode.Wrapper1.invokeMethod(Wrapper1.java)
	at com.alibaba.dubbo.rpc.proxy.javassist.JavassistProxyFactory$1.doInvoke(JavassistProxyFactory.java:47)
	at com.alibaba.dubbo.rpc.proxy.AbstractProxyInvoker.invoke(AbstractProxyInvoker.java:76)
	at com.alibaba.dubbo.rpc.proxy.InvokerInvocationHandler.invoke(InvokerInvocationHandler.java:52)
	at com.alibaba.dubbo.common.bytecode.proxy0.subscribe(proxy0.java)
	at com.alibaba.dubboadmin.governance.sync.RegistryServerSync.afterPropertiesSet(RegistryServerSync.java:79)
	at org.springframework.beans.factory.support.AbstractAutowireCapableBeanFactory.invokeInitMethods(AbstractAutowireCapableBeanFactory.java:1765)
	at org.springframework.beans.factory.support.AbstractAutowireCapableBeanFactory.initializeBean(AbstractAutowireCapableBeanFactory.java:1702)
	at org.springframework.beans.factory.support.AbstractAutowireCapableBeanFactory.doCreateBean(AbstractAutowireCapableBeanFactory.java:579)
	at org.springframework.beans.factory.support.AbstractAutowireCapableBeanFactory.createBean(AbstractAutowireCapableBeanFactory.java:501)
	at org.springframework.beans.factory.support.AbstractBeanFactory.lambda$doGetBean$0(AbstractBeanFactory.java:317)
	at org.springframework.beans.factory.support.DefaultSingletonBeanRegistry.getSingleton(DefaultSingletonBeanRegistry.java:228)
	at org.springframework.beans.factory.support.AbstractBeanFactory.doGetBean(AbstractBeanFactory.java:315)
	at org.springframework.beans.factory.support.AbstractBeanFactory.getBean(AbstractBeanFactory.java:199)
	at org.springframework.beans.factory.config.DependencyDescriptor.resolveCandidate(DependencyDescriptor.java:251)
	at org.springframework.beans.factory.support.DefaultListableBeanFactory.doResolveDependency(DefaultListableBeanFactory.java:1138)
	at org.springframework.beans.factory.support.DefaultListableBeanFactory.resolveDependency(DefaultListableBeanFactory.java:1065)
	at org.springframework.beans.factory.annotation.AutowiredAnnotationBeanPostProcessor$AutowiredFieldElement.inject(AutowiredAnnotationBeanPostProcessor.java:584)
	at org.springframework.beans.factory.annotation.InjectionMetadata.inject(InjectionMetadata.java:91)
	at org.springframework.beans.factory.annotation.AutowiredAnnotationBeanPostProcessor.postProcessPropertyValues(AutowiredAnnotationBeanPostProcessor.java:373)
	at org.springframework.beans.factory.support.AbstractAutowireCapableBeanFactory.populateBean(AbstractAutowireCapableBeanFactory.java:1348)
	at org.springframework.beans.factory.support.AbstractAutowireCapableBeanFactory.doCreateBean(AbstractAutowireCapableBeanFactory.java:578)
	at org.springframework.beans.factory.support.AbstractAutowireCapableBeanFactory.createBean(AbstractAutowireCapableBeanFactory.java:501)
	at org.springframework.beans.factory.support.AbstractBeanFactory.lambda$doGetBean$0(AbstractBeanFactory.java:317)
	at org.springframework.beans.factory.support.DefaultSingletonBeanRegistry.getSingleton(DefaultSingletonBeanRegistry.java:228)
	at org.springframework.beans.factory.support.AbstractBeanFactory.doGetBean(AbstractBeanFactory.java:315)
	at org.springframework.beans.factory.support.AbstractBeanFactory.getBean(AbstractBeanFactory.java:199)
	at org.springframework.beans.factory.config.DependencyDescriptor.resolveCandidate(DependencyDescriptor.java:251)
	at org.springframework.beans.factory.support.DefaultListableBeanFactory.doResolveDependency(DefaultListableBeanFactory.java:1138)
	at org.springframework.beans.factory.support.DefaultListableBeanFactory.resolveDependency(DefaultListableBeanFactory.java:1065)
	at org.springframework.beans.factory.annotation.AutowiredAnnotationBeanPostProcessor$AutowiredFieldElement.inject(AutowiredAnnotationBeanPostProcessor.java:584)
	at org.springframework.beans.factory.annotation.InjectionMetadata.inject(InjectionMetadata.java:91)
	at org.springframework.beans.factory.annotation.AutowiredAnnotationBeanPostProcessor.postProcessPropertyValues(AutowiredAnnotationBeanPostProcessor.java:373)
	at org.springframework.beans.factory.support.AbstractAutowireCapableBeanFactory.populateBean(AbstractAutowireCapableBeanFactory.java:1348)
	at org.springframework.beans.factory.support.AbstractAutowireCapableBeanFactory.doCreateBean(AbstractAutowireCapableBeanFactory.java:578)
	at org.springframework.beans.factory.support.AbstractAutowireCapableBeanFactory.createBean(AbstractAutowireCapableBeanFactory.java:501)
	at org.springframework.beans.factory.support.AbstractBeanFactory.lambda$doGetBean$0(AbstractBeanFactory.java:317)
	at org.springframework.beans.factory.support.DefaultSingletonBeanRegistry.getSingleton(DefaultSingletonBeanRegistry.java:228)
	at org.springframework.beans.factory.support.AbstractBeanFactory.doGetBean(AbstractBeanFactory.java:315)
	at org.springframework.beans.factory.support.AbstractBeanFactory.getBean(AbstractBeanFactory.java:204)
	at org.springframework.boot.web.servlet.ServletContextInitializerBeans.getOrderedBeansOfType(ServletContextInitializerBeans.java:225)
	at org.springframework.boot.web.servlet.ServletContextInitializerBeans.addAsRegistrationBean(ServletContextInitializerBeans.java:181)
	at org.springframework.boot.web.servlet.ServletContextInitializerBeans.addAsRegistrationBean(ServletContextInitializerBeans.java:176)
	at org.springframework.boot.web.servlet.ServletContextInitializerBeans.addAdaptableBeans(ServletContextInitializerBeans.java:158)
	at org.springframework.boot.web.servlet.ServletContextInitializerBeans.<init>(ServletContextInitializerBeans.java:80)
	at org.springframework.boot.web.servlet.context.ServletWebServerApplicationContext.getServletContextInitializerBeans(ServletWebServerApplicationContext.java:250)
	at org.springframework.boot.web.servlet.context.ServletWebServerApplicationContext.selfInitialize(ServletWebServerApplicationContext.java:237)
	at org.springframework.boot.web.embedded.tomcat.TomcatStarter.onStartup(TomcatStarter.java:54)
	at org.apache.catalina.core.StandardContext.startInternal(StandardContext.java:5245)
	at org.apache.catalina.util.LifecycleBase.start(LifecycleBase.java:150)
	at org.apache.catalina.core.ContainerBase$StartChild.call(ContainerBase.java:1421)
	at org.apache.catalina.core.ContainerBase$StartChild.call(ContainerBase.java:1411)
	at java.util.concurrent.FutureTask.run(Unknown Source)
	at java.util.concurrent.ThreadPoolExecutor.runWorker(Unknown Source)
	at java.util.concurrent.ThreadPoolExecutor$Worker.run(Unknown Source)
	at java.lang.Thread.run(Unknown Source)
Caused by: java.lang.IllegalStateException: KeeperErrorCode = ConnectionLoss
	at com.alibaba.dubbo.remoting.zookeeper.curator.CuratorZookeeperClient.createPersistent(CuratorZookeeperClient.java:79)
	at com.alibaba.dubbo.remoting.zookeeper.support.AbstractZookeeperClient.create(AbstractZookeeperClient.java:65)
	at com.alibaba.dubbo.registry.zookeeper.ZookeeperRegistry.doSubscribe(ZookeeperRegistry.java:156)
	... 57 more
Caused by: org.apache.curator.CuratorConnectionLossException: KeeperErrorCode = ConnectionLoss
	at org.apache.curator.ConnectionState.checkTimeouts(ConnectionState.java:225)
	at org.apache.curator.ConnectionState.getZooKeeper(ConnectionState.java:94)
	at org.apache.curator.CuratorZookeeperClient.getZooKeeper(CuratorZookeeperClient.java:117)
	at org.apache.curator.framework.imps.CuratorFrameworkImpl.getZooKeeper(CuratorFrameworkImpl.java:489)
	at org.apache.curator.framework.imps.CreateBuilderImpl$11.call(CreateBuilderImpl.java:740)
	at org.apache.curator.framework.imps.CreateBuilderImpl$11.call(CreateBuilderImpl.java:723)
	at org.apache.curator.RetryLoop.callWithRetry(RetryLoop.java:109)
	at org.apache.curator.framework.imps.CreateBuilderImpl.pathInForeground(CreateBuilderImpl.java:720)
	at org.apache.curator.framework.imps.CreateBuilderImpl.protectedPathInForeground(CreateBuilderImpl.java:484)
	at org.apache.curator.framework.imps.CreateBuilderImpl.forPath(CreateBuilderImpl.java:474)
	at org.apache.curator.framework.imps.CreateBuilderImpl.forPath(CreateBuilderImpl.java:454)
	at org.apache.curator.framework.imps.CreateBuilderImpl.forPath(CreateBuilderImpl.java:44)
	at com.alibaba.dubbo.remoting.zookeeper.curator.CuratorZookeeperClient.createPersistent(CuratorZookeeperClient.java:76)
	... 59 more
2020-03-14 12:29:59,170 [main] INFO  com.alibaba.dubboadmin.SpringUtil (SpringUtil.java:33) -  [DUBBO] set applicationcontext, dubbo version: 2.6.2, current host: 192.168.56.1
2020-03-14 12:30:02,834 [DubboRegistryFailedRetryTimer-thread-1] INFO  com.alibaba.dubbo.registry.support.FailbackRegistry (FailbackRegistry.java:355) -  [DUBBO] Retry subscribe {admin://192.168.56.1?category=providers,consumers,routers,configurators&check=false&classifier=*&enabled=*&group=*&interface=*&version=*=[com.alibaba.dubboadmin.governance.sync.RegistryServerSync@4dcd80fd]}, dubbo version: 2.6.2, current host: 192.168.56.1
2020-03-14 12:30:13,860 [DubboRegistryFailedRetryTimer-thread-1] WARN  com.alibaba.dubbo.registry.support.FailbackRegistry (FailbackRegistry.java:366) -  [DUBBO] Failed to retry subscribe {admin://192.168.56.1?category=providers,consumers,routers,configurators&check=false&classifier=*&enabled=*&group=*&interface=*&version=*=[com.alibaba.dubboadmin.governance.sync.RegistryServerSync@4dcd80fd]}, waiting for again, cause: Failed to subscribe admin://192.168.56.1?category=providers,consumers,routers,configurators&check=false&classifier=*&enabled=*&group=*&interface=*&version=* to zookeeper zookeeper://192.168.1.1118:2181/com.alibaba.dubbo.registry.RegistryService?application=dubbo-admin&dubbo=2.6.2&interface=com.alibaba.dubbo.registry.RegistryService&pid=2460&timestamp=1584160177802, cause: KeeperErrorCode = ConnectionLoss, dubbo version: 2.6.2, current host: 192.168.56.1
com.alibaba.dubbo.rpc.RpcException: Failed to subscribe admin://192.168.56.1?category=providers,consumers,routers,configurators&check=false&classifier=*&enabled=*&group=*&interface=*&version=* to zookeeper zookeeper://192.168.1.1118:2181/com.alibaba.dubbo.registry.RegistryService?application=dubbo-admin&dubbo=2.6.2&interface=com.alibaba.dubbo.registry.RegistryService&pid=2460&timestamp=1584160177802, cause: KeeperErrorCode = ConnectionLoss
	at com.alibaba.dubbo.registry.zookeeper.ZookeeperRegistry.doSubscribe(ZookeeperRegistry.java:193)
	at com.alibaba.dubbo.registry.support.FailbackRegistry.retry(FailbackRegistry.java:363)
	at com.alibaba.dubbo.registry.support.FailbackRegistry$1.run(FailbackRegistry.java:68)
	at java.util.concurrent.Executors$RunnableAdapter.call(Unknown Source)
	at java.util.concurrent.FutureTask.runAndReset(Unknown Source)
	at java.util.concurrent.ScheduledThreadPoolExecutor$ScheduledFutureTask.access$301(Unknown Source)
	at java.util.concurrent.ScheduledThreadPoolExecutor$ScheduledFutureTask.run(Unknown Source)
	at java.util.concurrent.ThreadPoolExecutor.runWorker(Unknown Source)
	at java.util.concurrent.ThreadPoolExecutor$Worker.run(Unknown Source)
	at java.lang.Thread.run(Unknown Source)
Caused by: java.lang.IllegalStateException: KeeperErrorCode = ConnectionLoss
	at com.alibaba.dubbo.remoting.zookeeper.curator.CuratorZookeeperClient.createPersistent(CuratorZookeeperClient.java:79)
	at com.alibaba.dubbo.remoting.zookeeper.support.AbstractZookeeperClient.create(AbstractZookeeperClient.java:65)
	at com.alibaba.dubbo.registry.zookeeper.ZookeeperRegistry.doSubscribe(ZookeeperRegistry.java:156)
	... 9 more
Caused by: org.apache.curator.CuratorConnectionLossException: KeeperErrorCode = ConnectionLoss
	at org.apache.curator.ConnectionState.checkTimeouts(ConnectionState.java:225)
	at org.apache.curator.ConnectionState.getZooKeeper(ConnectionState.java:94)
	at org.apache.curator.CuratorZookeeperClient.getZooKeeper(CuratorZookeeperClient.java:117)
	at org.apache.curator.framework.imps.CuratorFrameworkImpl.getZooKeeper(CuratorFrameworkImpl.java:489)
	at org.apache.curator.framework.imps.CreateBuilderImpl$11.call(CreateBuilderImpl.java:740)
	at org.apache.curator.framework.imps.CreateBuilderImpl$11.call(CreateBuilderImpl.java:723)
	at org.apache.curator.RetryLoop.callWithRetry(RetryLoop.java:109)
	at org.apache.curator.framework.imps.CreateBuilderImpl.pathInForeground(CreateBuilderImpl.java:720)
	at org.apache.curator.framework.imps.CreateBuilderImpl.protectedPathInForeground(CreateBuilderImpl.java:484)
	at org.apache.curator.framework.imps.CreateBuilderImpl.forPath(CreateBuilderImpl.java:474)
	at org.apache.curator.framework.imps.CreateBuilderImpl.forPath(CreateBuilderImpl.java:454)
	at org.apache.curator.framework.imps.CreateBuilderImpl.forPath(CreateBuilderImpl.java:44)
	at com.alibaba.dubbo.remoting.zookeeper.curator.CuratorZookeeperClient.createPersistent(CuratorZookeeperClient.java:76)
	... 11 more
2020-03-14 12:30:15,052 [DubboShutdownHook] INFO  com.alibaba.dubbo.config.AbstractConfig$1 (AbstractConfig.java:81) -  [DUBBO] Run shutdown hook now., dubbo version: 2.6.2, current host: 192.168.56.1
2020-03-14 12:30:15,052 [DubboShutdownHook] INFO  com.alibaba.dubbo.registry.support.AbstractRegistryFactory (AbstractRegistryFactory.java:64) -  [DUBBO] Close all registries [zookeeper://192.168.1.1118:2181/com.alibaba.dubbo.registry.RegistryService?application=dubbo-admin&dubbo=2.6.2&interface=com.alibaba.dubbo.registry.RegistryService&pid=2460&timestamp=1584160177802], dubbo version: 2.6.2, current host: 192.168.56.1
2020-03-14 12:30:15,053 [DubboShutdownHook] INFO  com.alibaba.dubbo.registry.support.AbstractRegistry (AbstractRegistry.java:451) -  [DUBBO] Destroy registry:zookeeper://192.168.1.1118:2181/com.alibaba.dubbo.registry.RegistryService?application=dubbo-admin&dubbo=2.6.2&interface=com.alibaba.dubbo.registry.RegistryService&pid=2460&timestamp=1584160177802, dubbo version: 2.6.2, current host: 192.168.56.1
2020-03-14 12:30:15,053 [DubboShutdownHook] INFO  com.alibaba.dubbo.registry.support.AbstractRegistry (AbstractRegistry.java:317) -  [DUBBO] Unsubscribe: admin://192.168.56.1?category=providers,consumers,routers,configurators&check=false&classifier=*&enabled=*&group=*&interface=*&version=*, dubbo version: 2.6.2, current host: 192.168.56.1
2020-03-14 12:30:15,053 [DubboShutdownHook] INFO  com.alibaba.dubbo.registry.support.AbstractRegistry (AbstractRegistry.java:476) -  [DUBBO] Destroy unsubscribe url admin://192.168.56.1?category=providers,consumers,routers,configurators&check=false&classifier=*&enabled=*&group=*&interface=*&version=*, dubbo version: 2.6.2, current host: 192.168.56.1
2020-03-14 12:30:15,057 [Thread-4] INFO  com.alibaba.dubbo.registry.support.AbstractRegistry (AbstractRegistry.java:317) -  [DUBBO] Unsubscribe: admin://192.168.56.1?category=providers,consumers,routers,configurators&check=false&classifier=*&enabled=*&group=*&interface=*&version=*, dubbo version: 2.6.2, current host: 192.168.56.1
2020-03-14 12:32:00,000 [main] INFO  ? (?:?) - using logger: com.alibaba.dubbo.common.logger.log4j.Log4jLoggerAdapter
2020-03-14 12:32:01,246 [localhost-startStop-1] INFO  com.alibaba.dubbo.registry.support.AbstractRegistry (AbstractRegistry.java:200) -  [DUBBO] Load registry store file C:\Users\Administrator\.dubbo\dubbo-registry-dubbo-admin-192.168.1.118:2181.cache, data: {*/com.lf.dubbo.service.MovieService:*=empty://192.168.56.1/com.lf.dubbo.service.MovieService?category=providers,consumers,routers,configurators&check=false&classifier=*&enabled=*&group=*&interface=com.lf.dubbo.service.MovieService&version=* consumer://192.168.56.1/com.lf.dubbo.service.MovieService?application=dubbo-user-consumer-boot&category=consumers&check=false&dubbo=2.6.2&interface=com.lf.dubbo.service.MovieService&methods=getNewMovie&pid=9196&side=consumer&timestamp=1581929574054 empty://192.168.56.1/com.lf.dubbo.service.MovieService?category=routers&check=false&classifier=*&enabled=*&group=*&interface=com.lf.dubbo.service.MovieService&version=* empty://192.168.56.1/com.lf.dubbo.service.MovieService?category=configurators&check=false&classifier=*&enabled=*&group=*&interface=com.lf.dubbo.service.MovieService&version=* dubbo://192.168.56.1:20890/com.lf.dubbo.service.MovieService?anyhost=true&application=dubbo-movie-provider-boot&dubbo=2.6.2&generic=false&interface=com.lf.dubbo.service.MovieService&methods=getNewMovie&pid=15180&side=provider&timestamp=1581927881758}, dubbo version: 2.6.2, current host: 192.168.56.1
2020-03-14 12:32:10,432 [localhost-startStop-1] INFO  com.alibaba.dubbo.config.ReferenceConfig (ReferenceConfig.java:425) -  [DUBBO] Refer dubbo service com.alibaba.dubbo.registry.RegistryService from url zookeeper://192.168.1.118:2181/com.alibaba.dubbo.registry.RegistryService?application=dubbo-admin&dubbo=2.6.2&pid=13884&refer=application%3Ddubbo-admin%26check%3Dfalse%26dubbo%3D2.6.2%26interface%3Dcom.alibaba.dubbo.registry.RegistryService%26methods%3Dlookup%2Csubscribe%2Cunsubscribe%2Cunregister%2Cregister%26pid%3D13884%26register.ip%3D192.168.56.1%26revision%3D2.6.2%26side%3Dconsumer%26timestamp%3D1584160321171&timestamp=1584160321199, dubbo version: 2.6.2, current host: 192.168.56.1
2020-03-14 12:32:10,447 [localhost-startStop-1] INFO  com.alibaba.dubboadmin.governance.sync.RegistryServerSync (RegistryServerSync.java:78) -  [DUBBO] Init Dubbo Admin Sync Cache..., dubbo version: 2.6.2, current host: 192.168.56.1
2020-03-14 12:32:10,450 [localhost-startStop-1] INFO  com.alibaba.dubbo.registry.support.AbstractRegistry (AbstractRegistry.java:298) -  [DUBBO] Subscribe: admin://192.168.56.1?category=providers,consumers,routers,configurators&check=false&classifier=*&enabled=*&group=*&interface=*&version=*, dubbo version: 2.6.2, current host: 192.168.56.1
2020-03-14 12:32:10,807 [localhost-startStop-1] INFO  com.alibaba.dubbo.registry.support.AbstractRegistry (AbstractRegistry.java:298) -  [DUBBO] Subscribe: admin://192.168.56.1/com.lf.dubbo.service.MovieService?category=providers,consumers,routers,configurators&check=false&classifier=*&enabled=*&group=*&interface=com.lf.dubbo.service.MovieService&version=*, dubbo version: 2.6.2, current host: 192.168.56.1
2020-03-14 12:32:10,933 [localhost-startStop-1] INFO  com.alibaba.dubbo.registry.support.AbstractRegistry (AbstractRegistry.java:387) -  [DUBBO] Notify urls for subscribe url admin://192.168.56.1/com.lf.dubbo.service.MovieService?category=providers,consumers,routers,configurators&check=false&classifier=*&enabled=*&group=*&interface=com.lf.dubbo.service.MovieService&version=*, urls: [empty://192.168.56.1/com.lf.dubbo.service.MovieService?category=providers&check=false&classifier=*&enabled=*&group=*&interface=com.lf.dubbo.service.MovieService&version=*, empty://192.168.56.1/com.lf.dubbo.service.MovieService?category=consumers&check=false&classifier=*&enabled=*&group=*&interface=com.lf.dubbo.service.MovieService&version=*, empty://192.168.56.1/com.lf.dubbo.service.MovieService?category=routers&check=false&classifier=*&enabled=*&group=*&interface=com.lf.dubbo.service.MovieService&version=*, empty://192.168.56.1/com.lf.dubbo.service.MovieService?category=configurators&check=false&classifier=*&enabled=*&group=*&interface=com.lf.dubbo.service.MovieService&version=*], dubbo version: 2.6.2, current host: 192.168.56.1
2020-03-14 12:32:11,950 [main] INFO  com.alibaba.dubboadmin.SpringUtil (SpringUtil.java:33) -  [DUBBO] set applicationcontext, dubbo version: 2.6.2, current host: 192.168.56.1
2020-03-14 13:02:00,782 [main] INFO  ? (?:?) - using logger: com.alibaba.dubbo.common.logger.log4j.Log4jLoggerAdapter
2020-03-14 13:02:02,085 [localhost-startStop-1] INFO  com.alibaba.dubbo.registry.support.AbstractRegistry (AbstractRegistry.java:200) -  [DUBBO] Load registry store file C:\Users\Administrator\.dubbo\dubbo-registry-dubbo-admin-192.168.1.118:2181.cache, data: {*/com.lf.dubbo.service.MovieService:*=empty://192.168.56.1/com.lf.dubbo.service.MovieService?category=consumers&check=false&classifier=*&enabled=*&group=*&interface=com.lf.dubbo.service.MovieService&version=* empty://192.168.56.1/com.lf.dubbo.service.MovieService?category=routers&check=false&classifier=*&enabled=*&group=*&interface=com.lf.dubbo.service.MovieService&version=* empty://192.168.56.1/com.lf.dubbo.service.MovieService?category=configurators&check=false&classifier=*&enabled=*&group=*&interface=com.lf.dubbo.service.MovieService&version=* empty://192.168.56.1/com.lf.dubbo.service.MovieService?category=providers&check=false&classifier=*&enabled=*&group=*&interface=com.lf.dubbo.service.MovieService&version=*}, dubbo version: 2.6.2, current host: 192.168.1.213
2020-03-14 13:02:02,218 [localhost-startStop-1] INFO  com.alibaba.dubbo.config.ReferenceConfig (ReferenceConfig.java:425) -  [DUBBO] Refer dubbo service com.alibaba.dubbo.registry.RegistryService from url zookeeper://192.168.1.118:2181/com.alibaba.dubbo.registry.RegistryService?application=dubbo-admin&dubbo=2.6.2&pid=12348&refer=application%3Ddubbo-admin%26check%3Dfalse%26dubbo%3D2.6.2%26interface%3Dcom.alibaba.dubbo.registry.RegistryService%26methods%3Dlookup%2Cunsubscribe%2Csubscribe%2Cunregister%2Cregister%26pid%3D12348%26register.ip%3D192.168.1.213%26revision%3D2.6.2%26side%3Dconsumer%26timestamp%3D1584162122037&timestamp=1584162122061, dubbo version: 2.6.2, current host: 192.168.1.213
2020-03-14 13:02:02,234 [localhost-startStop-1] INFO  com.alibaba.dubboadmin.governance.sync.RegistryServerSync (RegistryServerSync.java:78) -  [DUBBO] Init Dubbo Admin Sync Cache..., dubbo version: 2.6.2, current host: 192.168.1.213
2020-03-14 13:02:02,235 [localhost-startStop-1] INFO  com.alibaba.dubbo.registry.support.AbstractRegistry (AbstractRegistry.java:298) -  [DUBBO] Subscribe: admin://192.168.1.213?category=providers,consumers,routers,configurators&check=false&classifier=*&enabled=*&group=*&interface=*&version=*, dubbo version: 2.6.2, current host: 192.168.1.213
2020-03-14 13:02:02,280 [localhost-startStop-1] INFO  com.alibaba.dubbo.registry.support.AbstractRegistry (AbstractRegistry.java:298) -  [DUBBO] Subscribe: admin://192.168.1.213/com.lf.dubbo.service.MovieService?category=providers,consumers,routers,configurators&check=false&classifier=*&enabled=*&group=*&interface=com.lf.dubbo.service.MovieService&version=*, dubbo version: 2.6.2, current host: 192.168.1.213
2020-03-14 13:02:02,314 [localhost-startStop-1] INFO  com.alibaba.dubbo.registry.support.AbstractRegistry (AbstractRegistry.java:387) -  [DUBBO] Notify urls for subscribe url admin://192.168.1.213/com.lf.dubbo.service.MovieService?category=providers,consumers,routers,configurators&check=false&classifier=*&enabled=*&group=*&interface=com.lf.dubbo.service.MovieService&version=*, urls: [empty://192.168.1.213/com.lf.dubbo.service.MovieService?category=providers&check=false&classifier=*&enabled=*&group=*&interface=com.lf.dubbo.service.MovieService&version=*, empty://192.168.1.213/com.lf.dubbo.service.MovieService?category=consumers&check=false&classifier=*&enabled=*&group=*&interface=com.lf.dubbo.service.MovieService&version=*, empty://192.168.1.213/com.lf.dubbo.service.MovieService?category=routers&check=false&classifier=*&enabled=*&group=*&interface=com.lf.dubbo.service.MovieService&version=*, empty://192.168.1.213/com.lf.dubbo.service.MovieService?category=configurators&check=false&classifier=*&enabled=*&group=*&interface=com.lf.dubbo.service.MovieService&version=*], dubbo version: 2.6.2, current host: 192.168.1.213
2020-03-14 13:02:03,300 [main] INFO  com.alibaba.dubboadmin.SpringUtil (SpringUtil.java:33) -  [DUBBO] set applicationcontext, dubbo version: 2.6.2, current host: 192.168.1.213
2020-03-14 13:02:13,159 [http-nio-7001-exec-1] INFO  com.alibaba.dubboadmin.filter.LoginFilter (LoginFilter.java:93) -  [DUBBO] AuthorizationValve of uri: /, dubbo version: 2.6.2, current host: 192.168.1.213
2020-03-14 13:06:09,191 [http-nio-7001-exec-4] INFO  com.alibaba.dubboadmin.filter.LoginFilter (LoginFilter.java:93) -  [DUBBO] AuthorizationValve of uri: /, dubbo version: 2.6.2, current host: 192.168.1.213
2020-03-14 13:06:11,489 [http-nio-7001-exec-5] INFO  com.alibaba.dubboadmin.filter.LoginFilter (LoginFilter.java:93) -  [DUBBO] AuthorizationValve of uri: /, dubbo version: 2.6.2, current host: 192.168.1.213
2020-03-14 13:06:15,166 [http-nio-7001-exec-6] INFO  com.alibaba.dubboadmin.filter.LoginFilter (LoginFilter.java:93) -  [DUBBO] AuthorizationValve of uri: /, dubbo version: 2.6.2, current host: 192.168.1.213
2020-03-14 13:06:15,248 [http-nio-7001-exec-7] INFO  com.alibaba.dubboadmin.filter.LoginFilter (LoginFilter.java:93) -  [DUBBO] AuthorizationValve of uri: /css/common.css, dubbo version: 2.6.2, current host: 192.168.1.213
2020-03-14 13:06:15,249 [http-nio-7001-exec-9] INFO  com.alibaba.dubboadmin.filter.LoginFilter (LoginFilter.java:93) -  [DUBBO] AuthorizationValve of uri: /css/dubbo.css, dubbo version: 2.6.2, current host: 192.168.1.213
2020-03-14 13:06:15,249 [http-nio-7001-exec-8] INFO  com.alibaba.dubboadmin.filter.LoginFilter (LoginFilter.java:93) -  [DUBBO] AuthorizationValve of uri: /css/skin.css, dubbo version: 2.6.2, current host: 192.168.1.213
2020-03-14 13:06:15,248 [http-nio-7001-exec-2] INFO  com.alibaba.dubboadmin.filter.LoginFilter (LoginFilter.java:93) -  [DUBBO] AuthorizationValve of uri: /js/trcolor.js, dubbo version: 2.6.2, current host: 192.168.1.213
2020-03-14 13:06:15,248 [http-nio-7001-exec-1] INFO  com.alibaba.dubboadmin.filter.LoginFilter (LoginFilter.java:93) -  [DUBBO] AuthorizationValve of uri: /js/box.js, dubbo version: 2.6.2, current host: 192.168.1.213
2020-03-14 13:06:15,248 [http-nio-7001-exec-10] INFO  com.alibaba.dubboadmin.filter.LoginFilter (LoginFilter.java:93) -  [DUBBO] AuthorizationValve of uri: /js/ajax.js, dubbo version: 2.6.2, current host: 192.168.1.213
2020-03-14 13:06:15,282 [http-nio-7001-exec-3] INFO  com.alibaba.dubboadmin.filter.LoginFilter (LoginFilter.java:93) -  [DUBBO] AuthorizationValve of uri: /js/jquery-1.4.2.min.js, dubbo version: 2.6.2, current host: 192.168.1.213
2020-03-14 13:06:15,287 [http-nio-7001-exec-5] INFO  com.alibaba.dubboadmin.filter.LoginFilter (LoginFilter.java:93) -  [DUBBO] AuthorizationValve of uri: /js/dubbo.js, dubbo version: 2.6.2, current host: 192.168.1.213
2020-03-14 13:06:15,287 [http-nio-7001-exec-4] INFO  com.alibaba.dubboadmin.filter.LoginFilter (LoginFilter.java:93) -  [DUBBO] AuthorizationValve of uri: /js/jquery.simplemodal-1.4.js, dubbo version: 2.6.2, current host: 192.168.1.213
2020-03-14 13:06:15,331 [http-nio-7001-exec-8] INFO  com.alibaba.dubboadmin.filter.LoginFilter (LoginFilter.java:93) -  [DUBBO] AuthorizationValve of uri: /images/logo.png, dubbo version: 2.6.2, current host: 192.168.1.213
2020-03-14 13:06:15,331 [http-nio-7001-exec-6] INFO  com.alibaba.dubboadmin.filter.LoginFilter (LoginFilter.java:93) -  [DUBBO] AuthorizationValve of uri: /images/pop_close.png, dubbo version: 2.6.2, current host: 192.168.1.213
2020-03-14 13:06:15,349 [http-nio-7001-exec-7] INFO  com.alibaba.dubboadmin.filter.LoginFilter (LoginFilter.java:93) -  [DUBBO] AuthorizationValve of uri: /images/ico_show.png, dubbo version: 2.6.2, current host: 192.168.1.213
2020-03-14 13:06:15,352 [http-nio-7001-exec-10] INFO  com.alibaba.dubboadmin.filter.LoginFilter (LoginFilter.java:93) -  [DUBBO] AuthorizationValve of uri: /images/search_btn.png, dubbo version: 2.6.2, current host: 192.168.1.213
2020-03-14 13:06:15,352 [http-nio-7001-exec-1] INFO  com.alibaba.dubboadmin.filter.LoginFilter (LoginFilter.java:93) -  [DUBBO] AuthorizationValve of uri: /images/ico_help.png, dubbo version: 2.6.2, current host: 192.168.1.213
2020-03-14 13:06:15,351 [http-nio-7001-exec-2] INFO  com.alibaba.dubboadmin.filter.LoginFilter (LoginFilter.java:93) -  [DUBBO] AuthorizationValve of uri: /images/exit.png, dubbo version: 2.6.2, current host: 192.168.1.213
2020-03-14 13:06:15,350 [http-nio-7001-exec-9] INFO  com.alibaba.dubboadmin.filter.LoginFilter (LoginFilter.java:93) -  [DUBBO] AuthorizationValve of uri: /images/ico_user.png, dubbo version: 2.6.2, current host: 192.168.1.213
2020-03-14 13:06:15,372 [http-nio-7001-exec-4] INFO  com.alibaba.dubboadmin.filter.LoginFilter (LoginFilter.java:93) -  [DUBBO] AuthorizationValve of uri: /images/nav_bg.png, dubbo version: 2.6.2, current host: 192.168.1.213
2020-03-14 13:06:15,369 [http-nio-7001-exec-10] INFO  com.alibaba.dubboadmin.filter.LoginFilter (LoginFilter.java:93) -  [DUBBO] AuthorizationValve of uri: /images/nav_btn_bg22.png, dubbo version: 2.6.2, current host: 192.168.1.213
2020-03-14 13:06:15,354 [http-nio-7001-exec-3] INFO  com.alibaba.dubboadmin.filter.LoginFilter (LoginFilter.java:93) -  [DUBBO] AuthorizationValve of uri: /images/head_bg.png, dubbo version: 2.6.2, current host: 192.168.1.213
2020-03-14 13:06:15,413 [http-nio-7001-exec-8] INFO  com.alibaba.dubboadmin.filter.LoginFilter (LoginFilter.java:93) -  [DUBBO] AuthorizationValve of uri: /images/nav_btn_bg44.png, dubbo version: 2.6.2, current host: 192.168.1.213
2020-03-14 13:06:15,418 [http-nio-7001-exec-1] INFO  com.alibaba.dubboadmin.filter.LoginFilter (LoginFilter.java:93) -  [DUBBO] AuthorizationValve of uri: /images/input.png, dubbo version: 2.6.2, current host: 192.168.1.213
2020-03-14 13:06:15,417 [http-nio-7001-exec-5] INFO  com.alibaba.dubboadmin.filter.LoginFilter (LoginFilter.java:93) -  [DUBBO] AuthorizationValve of uri: /images/search_input.png, dubbo version: 2.6.2, current host: 192.168.1.213
2020-03-14 13:06:15,416 [http-nio-7001-exec-7] INFO  com.alibaba.dubboadmin.filter.LoginFilter (LoginFilter.java:93) -  [DUBBO] AuthorizationValve of uri: /images/search_active.png, dubbo version: 2.6.2, current host: 192.168.1.213
2020-03-14 13:06:15,424 [http-nio-7001-exec-6] INFO  com.alibaba.dubboadmin.filter.LoginFilter (LoginFilter.java:93) -  [DUBBO] AuthorizationValve of uri: /images/main_bg.png, dubbo version: 2.6.2, current host: 192.168.1.213
2020-03-14 13:06:15,453 [http-nio-7001-exec-2] INFO  com.alibaba.dubboadmin.filter.LoginFilter (LoginFilter.java:93) -  [DUBBO] AuthorizationValve of uri: /favicon.ico, dubbo version: 2.6.2, current host: 192.168.1.213
2020-03-14 13:09:02,201 [http-nio-7001-exec-5] INFO  com.alibaba.dubboadmin.filter.LoginFilter (LoginFilter.java:93) -  [DUBBO] AuthorizationValve of uri: /, dubbo version: 2.6.2, current host: 192.168.1.213
2020-03-14 13:09:02,250 [http-nio-7001-exec-6] INFO  com.alibaba.dubboadmin.filter.LoginFilter (LoginFilter.java:93) -  [DUBBO] AuthorizationValve of uri: /favicon.ico, dubbo version: 2.6.2, current host: 192.168.1.213
2020-03-14 13:09:02,782 [http-nio-7001-exec-7] INFO  com.alibaba.dubboadmin.filter.LoginFilter (LoginFilter.java:93) -  [DUBBO] AuthorizationValve of uri: /, dubbo version: 2.6.2, current host: 192.168.1.213
2020-03-14 13:09:02,844 [http-nio-7001-exec-2] INFO  com.alibaba.dubboadmin.filter.LoginFilter (LoginFilter.java:93) -  [DUBBO] AuthorizationValve of uri: /favicon.ico, dubbo version: 2.6.2, current host: 192.168.1.213
2020-03-14 13:09:03,786 [http-nio-7001-exec-4] INFO  com.alibaba.dubboadmin.filter.LoginFilter (LoginFilter.java:93) -  [DUBBO] AuthorizationValve of uri: /, dubbo version: 2.6.2, current host: 192.168.1.213
2020-03-14 13:09:03,831 [http-nio-7001-exec-10] INFO  com.alibaba.dubboadmin.filter.LoginFilter (LoginFilter.java:93) -  [DUBBO] AuthorizationValve of uri: /favicon.ico, dubbo version: 2.6.2, current host: 192.168.1.213
2020-03-14 13:09:04,299 [http-nio-7001-exec-9] INFO  com.alibaba.dubboadmin.filter.LoginFilter (LoginFilter.java:93) -  [DUBBO] AuthorizationValve of uri: /, dubbo version: 2.6.2, current host: 192.168.1.213
2020-03-14 13:09:04,345 [http-nio-7001-exec-8] INFO  com.alibaba.dubboadmin.filter.LoginFilter (LoginFilter.java:93) -  [DUBBO] AuthorizationValve of uri: /favicon.ico, dubbo version: 2.6.2, current host: 192.168.1.213
2020-03-14 13:09:04,506 [http-nio-7001-exec-1] INFO  com.alibaba.dubboadmin.filter.LoginFilter (LoginFilter.java:93) -  [DUBBO] AuthorizationValve of uri: /, dubbo version: 2.6.2, current host: 192.168.1.213
2020-03-14 13:09:04,546 [http-nio-7001-exec-3] INFO  com.alibaba.dubboadmin.filter.LoginFilter (LoginFilter.java:93) -  [DUBBO] AuthorizationValve of uri: /favicon.ico, dubbo version: 2.6.2, current host: 192.168.1.213
2020-03-14 13:09:04,708 [http-nio-7001-exec-5] INFO  com.alibaba.dubboadmin.filter.LoginFilter (LoginFilter.java:93) -  [DUBBO] AuthorizationValve of uri: /, dubbo version: 2.6.2, current host: 192.168.1.213
2020-03-14 13:09:04,747 [http-nio-7001-exec-6] INFO  com.alibaba.dubboadmin.filter.LoginFilter (LoginFilter.java:93) -  [DUBBO] AuthorizationValve of uri: /favicon.ico, dubbo version: 2.6.2, current host: 192.168.1.213
2020-03-14 13:09:04,856 [http-nio-7001-exec-7] INFO  com.alibaba.dubboadmin.filter.LoginFilter (LoginFilter.java:93) -  [DUBBO] AuthorizationValve of uri: /, dubbo version: 2.6.2, current host: 192.168.1.213
2020-03-14 13:09:04,894 [http-nio-7001-exec-2] INFO  com.alibaba.dubboadmin.filter.LoginFilter (LoginFilter.java:93) -  [DUBBO] AuthorizationValve of uri: /favicon.ico, dubbo version: 2.6.2, current host: 192.168.1.213
2020-03-14 13:09:56,364 [localhost-startStop-1-EventThread] INFO  com.alibaba.dubbo.registry.support.AbstractRegistry (AbstractRegistry.java:298) -  [DUBBO] Subscribe: admin://192.168.1.213/com.lf.yapin.pms.service.ProductService?category=providers,consumers,routers,configurators&check=false&classifier=*&enabled=*&group=*&interface=com.lf.yapin.pms.service.ProductService&version=*, dubbo version: 2.6.2, current host: 192.168.1.213
2020-03-14 13:09:56,491 [localhost-startStop-1-EventThread] INFO  com.alibaba.dubbo.registry.support.AbstractRegistry (AbstractRegistry.java:387) -  [DUBBO] Notify urls for subscribe url admin://192.168.1.213/com.lf.yapin.pms.service.ProductService?category=providers,consumers,routers,configurators&check=false&classifier=*&enabled=*&group=*&interface=com.lf.yapin.pms.service.ProductService&version=*, urls: [empty://192.168.1.213/com.lf.yapin.pms.service.ProductService?category=providers&check=false&classifier=*&enabled=*&group=*&interface=com.lf.yapin.pms.service.ProductService&version=*, empty://192.168.1.213/com.lf.yapin.pms.service.ProductService?category=consumers&check=false&classifier=*&enabled=*&group=*&interface=com.lf.yapin.pms.service.ProductService&version=*, empty://192.168.1.213/com.lf.yapin.pms.service.ProductService?category=routers&check=false&classifier=*&enabled=*&group=*&interface=com.lf.yapin.pms.service.ProductService&version=*, empty://192.168.1.213/com.lf.yapin.pms.service.ProductService?category=configurators&check=false&classifier=*&enabled=*&group=*&interface=com.lf.yapin.pms.service.ProductService&version=*], dubbo version: 2.6.2, current host: 192.168.1.213
2020-03-14 13:09:56,495 [localhost-startStop-1-EventThread] INFO  com.alibaba.dubbo.registry.support.AbstractRegistry (AbstractRegistry.java:387) -  [DUBBO] Notify urls for subscribe url admin://192.168.1.213/com.lf.yapin.pms.service.ProductService?category=providers,consumers,routers,configurators&check=false&classifier=*&enabled=*&group=*&interface=com.lf.yapin.pms.service.ProductService&version=*, urls: [dubbo://192.168.1.213:20880/com.lf.yapin.pms.service.ProductService?anyhost=true&application=yapin-pms&dubbo=2.6.2&generic=false&interface=com.lf.yapin.pms.service.ProductService&methods=removeById,lambdaQuery,save,removeByMap,update,getObj,saveOrUpdateBatch,remove,listByIds,getBaseMapper,removeByIds,updateBatchById,lambdaUpdate,saveOrUpdate,listMaps,saveBatch,query,count,listObjs,list,getMap,updateById,pageMaps,listByMap,getById,getOne,page&pid=12476&side=provider&timestamp=1584162595952], dubbo version: 2.6.2, current host: 192.168.1.213
2020-03-14 13:10:12,216 [http-nio-7001-exec-9] INFO  com.alibaba.dubboadmin.filter.LoginFilter (LoginFilter.java:93) -  [DUBBO] AuthorizationValve of uri: /, dubbo version: 2.6.2, current host: 192.168.1.213
2020-03-14 13:10:12,243 [http-nio-7001-exec-8] INFO  com.alibaba.dubboadmin.filter.LoginFilter (LoginFilter.java:93) -  [DUBBO] AuthorizationValve of uri: /css/common.css, dubbo version: 2.6.2, current host: 192.168.1.213
2020-03-14 13:10:12,245 [http-nio-7001-exec-7] INFO  com.alibaba.dubboadmin.filter.LoginFilter (LoginFilter.java:93) -  [DUBBO] AuthorizationValve of uri: /js/trcolor.js, dubbo version: 2.6.2, current host: 192.168.1.213
2020-03-14 13:10:12,245 [http-nio-7001-exec-6] INFO  com.alibaba.dubboadmin.filter.LoginFilter (LoginFilter.java:93) -  [DUBBO] AuthorizationValve of uri: /js/box.js, dubbo version: 2.6.2, current host: 192.168.1.213
2020-03-14 13:10:12,245 [http-nio-7001-exec-3] INFO  com.alibaba.dubboadmin.filter.LoginFilter (LoginFilter.java:93) -  [DUBBO] AuthorizationValve of uri: /css/dubbo.css, dubbo version: 2.6.2, current host: 192.168.1.213
2020-03-14 13:10:12,245 [http-nio-7001-exec-5] INFO  com.alibaba.dubboadmin.filter.LoginFilter (LoginFilter.java:93) -  [DUBBO] AuthorizationValve of uri: /js/ajax.js, dubbo version: 2.6.2, current host: 192.168.1.213
2020-03-14 13:10:12,246 [http-nio-7001-exec-1] INFO  com.alibaba.dubboadmin.filter.LoginFilter (LoginFilter.java:93) -  [DUBBO] AuthorizationValve of uri: /css/skin.css, dubbo version: 2.6.2, current host: 192.168.1.213
2020-03-14 13:10:12,272 [http-nio-7001-exec-4] INFO  com.alibaba.dubboadmin.filter.LoginFilter (LoginFilter.java:93) -  [DUBBO] AuthorizationValve of uri: /js/jquery.simplemodal-1.4.js, dubbo version: 2.6.2, current host: 192.168.1.213
2020-03-14 13:10:12,273 [http-nio-7001-exec-10] INFO  com.alibaba.dubboadmin.filter.LoginFilter (LoginFilter.java:93) -  [DUBBO] AuthorizationValve of uri: /js/dubbo.js, dubbo version: 2.6.2, current host: 192.168.1.213
2020-03-14 13:10:12,272 [http-nio-7001-exec-2] INFO  com.alibaba.dubboadmin.filter.LoginFilter (LoginFilter.java:93) -  [DUBBO] AuthorizationValve of uri: /js/jquery-1.4.2.min.js, dubbo version: 2.6.2, current host: 192.168.1.213
2020-03-14 13:10:12,279 [http-nio-7001-exec-4] INFO  com.alibaba.dubboadmin.filter.LoginFilter (LoginFilter.java:93) -  [DUBBO] AuthorizationValve of uri: /images/pop_close.png, dubbo version: 2.6.2, current host: 192.168.1.213
2020-03-14 13:10:12,281 [http-nio-7001-exec-5] INFO  com.alibaba.dubboadmin.filter.LoginFilter (LoginFilter.java:93) -  [DUBBO] AuthorizationValve of uri: /images/logo.png, dubbo version: 2.6.2, current host: 192.168.1.213
2020-03-14 13:10:12,303 [http-nio-7001-exec-6] INFO  com.alibaba.dubboadmin.filter.LoginFilter (LoginFilter.java:93) -  [DUBBO] AuthorizationValve of uri: /images/ico_show.png, dubbo version: 2.6.2, current host: 192.168.1.213
2020-03-14 13:10:12,309 [http-nio-7001-exec-3] INFO  com.alibaba.dubboadmin.filter.LoginFilter (LoginFilter.java:93) -  [DUBBO] AuthorizationValve of uri: /images/search_btn.png, dubbo version: 2.6.2, current host: 192.168.1.213
2020-03-14 13:10:12,306 [http-nio-7001-exec-7] INFO  com.alibaba.dubboadmin.filter.LoginFilter (LoginFilter.java:93) -  [DUBBO] AuthorizationValve of uri: /images/ico_help.png, dubbo version: 2.6.2, current host: 192.168.1.213
2020-03-14 13:10:12,306 [http-nio-7001-exec-1] INFO  com.alibaba.dubboadmin.filter.LoginFilter (LoginFilter.java:93) -  [DUBBO] AuthorizationValve of uri: /images/ico_user.png, dubbo version: 2.6.2, current host: 192.168.1.213
2020-03-14 13:10:12,305 [http-nio-7001-exec-8] INFO  com.alibaba.dubboadmin.filter.LoginFilter (LoginFilter.java:93) -  [DUBBO] AuthorizationValve of uri: /images/exit.png, dubbo version: 2.6.2, current host: 192.168.1.213
2020-03-14 13:10:12,327 [http-nio-7001-exec-10] INFO  com.alibaba.dubboadmin.filter.LoginFilter (LoginFilter.java:93) -  [DUBBO] AuthorizationValve of uri: /favicon.ico, dubbo version: 2.6.2, current host: 192.168.1.213
2020-03-14 13:10:15,666 [http-nio-7001-exec-9] INFO  com.alibaba.dubboadmin.filter.LoginFilter (LoginFilter.java:93) -  [DUBBO] AuthorizationValve of uri: /governance/applications, dubbo version: 2.6.2, current host: 192.168.1.213
2020-03-14 13:10:15,708 [http-nio-7001-exec-2] INFO  com.alibaba.dubboadmin.filter.LoginFilter (LoginFilter.java:93) -  [DUBBO] AuthorizationValve of uri: /images/ico_search.png, dubbo version: 2.6.2, current host: 192.168.1.213
2020-03-14 13:10:15,717 [http-nio-7001-exec-4] INFO  com.alibaba.dubboadmin.filter.LoginFilter (LoginFilter.java:93) -  [DUBBO] AuthorizationValve of uri: /images/nav_btn_bg3.png, dubbo version: 2.6.2, current host: 192.168.1.213
2020-03-14 13:10:15,718 [http-nio-7001-exec-6] INFO  com.alibaba.dubboadmin.filter.LoginFilter (LoginFilter.java:93) -  [DUBBO] AuthorizationValve of uri: /images/dubbo_list_th.png, dubbo version: 2.6.2, current host: 192.168.1.213
2020-03-14 13:10:15,717 [http-nio-7001-exec-5] INFO  com.alibaba.dubboadmin.filter.LoginFilter (LoginFilter.java:93) -  [DUBBO] AuthorizationValve of uri: /images/main_bg.png, dubbo version: 2.6.2, current host: 192.168.1.213
2020-03-14 13:10:15,740 [http-nio-7001-exec-3] INFO  com.alibaba.dubboadmin.filter.LoginFilter (LoginFilter.java:93) -  [DUBBO] AuthorizationValve of uri: /images/tip_choose.png, dubbo version: 2.6.2, current host: 192.168.1.213
2020-03-14 13:10:15,742 [http-nio-7001-exec-8] INFO  com.alibaba.dubboadmin.filter.LoginFilter (LoginFilter.java:93) -  [DUBBO] AuthorizationValve of uri: /images/tip_succeed.png, dubbo version: 2.6.2, current host: 192.168.1.213
2020-03-14 13:10:15,742 [http-nio-7001-exec-1] INFO  com.alibaba.dubboadmin.filter.LoginFilter (LoginFilter.java:93) -  [DUBBO] AuthorizationValve of uri: /images/tip_del.png, dubbo version: 2.6.2, current host: 192.168.1.213
2020-03-14 13:10:15,741 [http-nio-7001-exec-7] INFO  com.alibaba.dubboadmin.filter.LoginFilter (LoginFilter.java:93) -  [DUBBO] AuthorizationValve of uri: /images/tip_confirm.png, dubbo version: 2.6.2, current host: 192.168.1.213
2020-03-14 13:10:17,361 [http-nio-7001-exec-10] INFO  com.alibaba.dubboadmin.filter.LoginFilter (LoginFilter.java:93) -  [DUBBO] AuthorizationValve of uri: /images/nav_btn_bg22.png, dubbo version: 2.6.2, current host: 192.168.1.213
2020-03-14 13:10:19,400 [http-nio-7001-exec-9] INFO  com.alibaba.dubboadmin.filter.LoginFilter (LoginFilter.java:93) -  [DUBBO] AuthorizationValve of uri: /governance/services, dubbo version: 2.6.2, current host: 192.168.1.213
2020-03-14 13:10:21,545 [http-nio-7001-exec-2] INFO  com.alibaba.dubboadmin.filter.LoginFilter (LoginFilter.java:93) -  [DUBBO] AuthorizationValve of uri: /governance/services/com.lf.yapin.pms.service.ProductService/providers, dubbo version: 2.6.2, current host: 192.168.1.213
2020-03-14 13:10:21,589 [http-nio-7001-exec-4] INFO  com.alibaba.dubboadmin.filter.LoginFilter (LoginFilter.java:93) -  [DUBBO] AuthorizationValve of uri: /images/ico_add.png, dubbo version: 2.6.2, current host: 192.168.1.213
2020-03-14 13:10:21,589 [http-nio-7001-exec-6] INFO  com.alibaba.dubboadmin.filter.LoginFilter (LoginFilter.java:93) -  [DUBBO] AuthorizationValve of uri: /images/ico_up.png, dubbo version: 2.6.2, current host: 192.168.1.213
2020-03-14 13:10:21,601 [http-nio-7001-exec-5] INFO  com.alibaba.dubboadmin.filter.LoginFilter (LoginFilter.java:93) -  [DUBBO] AuthorizationValve of uri: /images/ico_down.png, dubbo version: 2.6.2, current host: 192.168.1.213
2020-03-14 13:10:21,605 [http-nio-7001-exec-1] INFO  com.alibaba.dubboadmin.filter.LoginFilter (LoginFilter.java:93) -  [DUBBO] AuthorizationValve of uri: /images/ico_delete.png, dubbo version: 2.6.2, current host: 192.168.1.213
2020-03-14 13:10:21,603 [http-nio-7001-exec-3] INFO  com.alibaba.dubboadmin.filter.LoginFilter (LoginFilter.java:93) -  [DUBBO] AuthorizationValve of uri: /images/ico_enable.png, dubbo version: 2.6.2, current host: 192.168.1.213
2020-03-14 13:10:21,603 [http-nio-7001-exec-8] INFO  com.alibaba.dubboadmin.filter.LoginFilter (LoginFilter.java:93) -  [DUBBO] AuthorizationValve of uri: /images/ico_disable.png, dubbo version: 2.6.2, current host: 192.168.1.213
2020-03-14 13:10:21,625 [http-nio-7001-exec-7] INFO  com.alibaba.dubboadmin.filter.LoginFilter (LoginFilter.java:93) -  [DUBBO] AuthorizationValve of uri: /images/ico_edit.png, dubbo version: 2.6.2, current host: 192.168.1.213
2020-03-14 13:10:21,628 [http-nio-7001-exec-10] INFO  com.alibaba.dubboadmin.filter.LoginFilter (LoginFilter.java:93) -  [DUBBO] AuthorizationValve of uri: /images/tab_active.png, dubbo version: 2.6.2, current host: 192.168.1.213
2020-03-14 13:20:36,602 [localhost-startStop-1-EventThread] INFO  com.alibaba.dubbo.registry.support.AbstractRegistry (AbstractRegistry.java:387) -  [DUBBO] Notify urls for subscribe url admin://192.168.1.213/com.lf.dubbo.service.MovieService?category=providers,consumers,routers,configurators&check=false&classifier=*&enabled=*&group=*&interface=com.lf.dubbo.service.MovieService&version=*, urls: [empty://192.168.1.213/com.lf.dubbo.service.MovieService?category=providers,consumers,routers,configurators&check=false&classifier=*&enabled=*&group=*&interface=com.lf.dubbo.service.MovieService&version=*], dubbo version: 2.6.2, current host: 192.168.1.213
2020-03-14 13:20:36,603 [localhost-startStop-1-EventThread] INFO  com.alibaba.dubbo.registry.support.AbstractRegistry (AbstractRegistry.java:387) -  [DUBBO] Notify urls for subscribe url admin://192.168.1.213/com.lf.dubbo.service.MovieService?category=providers,consumers,routers,configurators&check=false&classifier=*&enabled=*&group=*&interface=com.lf.dubbo.service.MovieService&version=*, urls: [empty://192.168.1.213/com.lf.dubbo.service.MovieService?category=providers,consumers,routers,configurators&check=false&classifier=*&enabled=*&group=*&interface=com.lf.dubbo.service.MovieService&version=*], dubbo version: 2.6.2, current host: 192.168.1.213
2020-03-14 13:20:36,604 [localhost-startStop-1-EventThread] INFO  com.alibaba.dubbo.registry.support.AbstractRegistry (AbstractRegistry.java:387) -  [DUBBO] Notify urls for subscribe url admin://192.168.1.213/com.lf.yapin.pms.service.ProductService?category=providers,consumers,routers,configurators&check=false&classifier=*&enabled=*&group=*&interface=com.lf.yapin.pms.service.ProductService&version=*, urls: [empty://192.168.1.213/com.lf.yapin.pms.service.ProductService?category=providers,consumers,routers,configurators&check=false&classifier=*&enabled=*&group=*&interface=com.lf.yapin.pms.service.ProductService&version=*], dubbo version: 2.6.2, current host: 192.168.1.213
2020-03-14 13:20:36,604 [localhost-startStop-1-EventThread] INFO  com.alibaba.dubbo.registry.support.AbstractRegistry (AbstractRegistry.java:387) -  [DUBBO] Notify urls for subscribe url admin://192.168.1.213/com.lf.yapin.pms.service.ProductService?category=providers,consumers,routers,configurators&check=false&classifier=*&enabled=*&group=*&interface=com.lf.yapin.pms.service.ProductService&version=*, urls: [empty://192.168.1.213/com.lf.yapin.pms.service.ProductService?category=providers,consumers,routers,configurators&check=false&classifier=*&enabled=*&group=*&interface=com.lf.yapin.pms.service.ProductService&version=*], dubbo version: 2.6.2, current host: 192.168.1.213
2020-03-14 13:20:36,605 [localhost-startStop-1-EventThread] INFO  com.alibaba.dubbo.registry.support.AbstractRegistry (AbstractRegistry.java:387) -  [DUBBO] Notify urls for subscribe url admin://192.168.1.213/com.lf.dubbo.service.MovieService?category=providers,consumers,routers,configurators&check=false&classifier=*&enabled=*&group=*&interface=com.lf.dubbo.service.MovieService&version=*, urls: [empty://192.168.1.213/com.lf.dubbo.service.MovieService?category=providers,consumers,routers,configurators&check=false&classifier=*&enabled=*&group=*&interface=com.lf.dubbo.service.MovieService&version=*], dubbo version: 2.6.2, current host: 192.168.1.213
2020-03-14 13:20:36,606 [localhost-startStop-1-EventThread] INFO  com.alibaba.dubbo.registry.support.AbstractRegistry (AbstractRegistry.java:387) -  [DUBBO] Notify urls for subscribe url admin://192.168.1.213/com.lf.yapin.pms.service.ProductService?category=providers,consumers,routers,configurators&check=false&classifier=*&enabled=*&group=*&interface=com.lf.yapin.pms.service.ProductService&version=*, urls: [empty://192.168.1.213/com.lf.yapin.pms.service.ProductService?category=providers,consumers,routers,configurators&check=false&classifier=*&enabled=*&group=*&interface=com.lf.yapin.pms.service.ProductService&version=*], dubbo version: 2.6.2, current host: 192.168.1.213
2020-03-14 13:20:36,606 [localhost-startStop-1-EventThread] INFO  com.alibaba.dubbo.registry.support.AbstractRegistry (AbstractRegistry.java:387) -  [DUBBO] Notify urls for subscribe url admin://192.168.1.213/com.lf.yapin.pms.service.ProductService?category=providers,consumers,routers,configurators&check=false&classifier=*&enabled=*&group=*&interface=com.lf.yapin.pms.service.ProductService&version=*, urls: [empty://192.168.1.213/com.lf.yapin.pms.service.ProductService?category=providers,consumers,routers,configurators&check=false&classifier=*&enabled=*&group=*&interface=com.lf.yapin.pms.service.ProductService&version=*], dubbo version: 2.6.2, current host: 192.168.1.213
2020-03-14 13:20:36,610 [localhost-startStop-1-EventThread] INFO  com.alibaba.dubbo.registry.support.AbstractRegistry (AbstractRegistry.java:387) -  [DUBBO] Notify urls for subscribe url admin://192.168.1.213/com.lf.dubbo.service.MovieService?category=providers,consumers,routers,configurators&check=false&classifier=*&enabled=*&group=*&interface=com.lf.dubbo.service.MovieService&version=*, urls: [empty://192.168.1.213/com.lf.dubbo.service.MovieService?category=providers,consumers,routers,configurators&check=false&classifier=*&enabled=*&group=*&interface=com.lf.dubbo.service.MovieService&version=*], dubbo version: 2.6.2, current host: 192.168.1.213
